npm warn config optional Use `--omit=optional` to exclude optional dependencies, or
npm warn config `--include=optional` to include them.
npm warn config
npm warn config       Default value does install optional deps unless otherwise omitted.
src/index.ts(487,51): error TS2769: No overload matches this call.
  The last overload gave the following error.
    Argument of type '(req: Request, res: Response) => Promise<void | Response<any, Record<string, any>>>' is not assignable to parameter of type 'Application<Record<string, any>>'.
      Type '(req: Request, res: Response<any, Record<string, any>>) => Promise<void | Response<any, Record<string, any>>>' is missing the following properties from type 'Application<Record<string, any>>': init, defaultConfiguration, engine, set, and 63 more.
src/index.ts(488,60): error TS2769: No overload matches this call.
  The last overload gave the following error.
    Argument of type '(req: Request, res: Response) => Promise<void | Response<any, Record<string, any>>>' is not assignable to parameter of type 'Application<Record<string, any>>'.
      Type '(req: Request, res: Response<any, Record<string, any>>) => Promise<void | Response<any, Record<string, any>>>' is missing the following properties from type 'Application<Record<string, any>>': init, defaultConfiguration, engine, set, and 63 more.
src/routes/attachments.ts(50,8): error TS2769: No overload matches this call.
  Overload 1 of 2, '(values: { created_at?: string; file_name: string; file_size: number; file_type: string; id?: string; message_id: string; scanned_at?: string; signed_download_url?: string; storage_path: string; virus_scan_result?: string; virus_scan_status?: string; }, options?: { ...; }): PostgrestFilterBuilder<...>', gave the following error.
    Argument of type '{ file_name: any; file_size: any; file_type: any; storage_path: string; virus_scan_status: string; }' is not assignable to parameter of type '{ created_at?: string; file_name: string; file_size: number; file_type: string; id?: string; message_id: string; scanned_at?: string; signed_download_url?: string; storage_path: string; virus_scan_result?: string; virus_scan_status?: string; }'.
      Property 'message_id' is missing in type '{ file_name: any; file_size: any; file_type: any; storage_path: string; virus_scan_status: string; }' but required in type '{ created_at?: string; file_name: string; file_size: number; file_type: string; id?: string; message_id: string; scanned_at?: string; signed_download_url?: string; storage_path: string; virus_scan_result?: string; virus_scan_status?: string; }'.
  Overload 2 of 2, '(values: { created_at?: string; file_name: string; file_size: number; file_type: string; id?: string; message_id: string; scanned_at?: string; signed_download_url?: string; storage_path: string; virus_scan_result?: string; virus_scan_status?: string; }[], options?: { ...; }): PostgrestFilterBuilder<...>', gave the following error.
    Object literal may only specify known properties, and 'file_name' does not exist in type '{ created_at?: string; file_name: string; file_size: number; file_type: string; id?: string; message_id: string; scanned_at?: string; signed_download_url?: string; storage_path: string; virus_scan_result?: string; virus_scan_status?: string; }[]'.
src/routes/brandResponse.ts(70,14): error TS2339: Property 'creator_requested_clarifications' does not exist on type 'SelectQueryError<"column 'creator_requested_clarifications' does not exist on 'brand_deals'.">'.
src/routes/brandResponse.ts(76,14): error TS2339: Property 'analysis_report_id' does not exist on type 'SelectQueryError<"column 'creator_requested_clarifications' does not exist on 'brand_deals'.">'.
src/routes/brandResponse.ts(80,31): error TS2339: Property 'analysis_report_id' does not exist on type 'SelectQueryError<"column 'creator_requested_clarifications' does not exist on 'brand_deals'.">'.
src/routes/brandResponse.ts(93,24): error TS2339: Property 'analysis_report_id' does not exist on type 'SelectQueryError<"column 'creator_requested_clarifications' does not exist on 'brand_deals'.">'.
src/routes/brandResponse.ts(98,40): error TS2339: Property 'keyTerms' does not exist on type 'string | number | true | { [key: string]: Json; } | Json[]'.
  Property 'keyTerms' does not exist on type 'string'.
src/routes/brandResponse.ts(113,52): error TS2339: Property 'issues' does not exist on type 'string | number | true | { [key: string]: Json; } | Json[]'.
  Property 'issues' does not exist on type 'string'.
src/routes/brandResponse.ts(113,75): error TS2339: Property 'issues' does not exist on type 'string | number | true | { [key: string]: Json; } | Json[]'.
  Property 'issues' does not exist on type 'string'.
src/routes/brandResponse.ts(126,14): error TS2339: Property 'deal_schema' does not exist on type 'SelectQueryError<"column 'creator_requested_clarifications' does not exist on 'brand_deals'.">'.
src/routes/brandResponse.ts(127,38): error TS2339: Property 'deal_schema' does not exist on type 'SelectQueryError<"column 'creator_requested_clarifications' does not exist on 'brand_deals'.">'.
src/routes/brandResponse.ts(128,27): error TS2339: Property 'deal_schema' does not exist on type 'SelectQueryError<"column 'creator_requested_clarifications' does not exist on 'brand_deals'.">'.
src/routes/brandResponse.ts(129,16): error TS2339: Property 'deal_schema' does not exist on type 'SelectQueryError<"column 'creator_requested_clarifications' does not exist on 'brand_deals'.">'.
src/routes/brandResponse.ts(142,14): error TS2339: Property 'status' does not exist on type 'SelectQueryError<"column 'creator_requested_clarifications' does not exist on 'brand_deals'.">'.
src/routes/brandResponse.ts(142,47): error TS2339: Property 'brand_response_status' does not exist on type 'SelectQueryError<"column 'creator_requested_clarifications' does not exist on 'brand_deals'.">'.
src/routes/brandResponse.ts(577,27): error TS2339: Property 'brand_response_status' does not exist on type 'SelectQueryError<"column 'deal_execution_status' does not exist on 'brand_deals'.">'.
src/routes/brandResponse.ts(577,57): error TS2339: Property 'brand_response_status' does not exist on type 'SelectQueryError<"column 'deal_execution_status' does not exist on 'brand_deals'.">'.
src/routes/brandResponse.ts(601,30): error TS2339: Property 'status' does not exist on type 'SelectQueryError<"column 'deal_execution_status' does not exist on 'brand_deals'.">'.
src/routes/brandResponse.ts(616,32): error TS2339: Property 'status' does not exist on type 'SelectQueryError<"column 'deal_execution_status' does not exist on 'brand_deals'.">'.
src/routes/brandResponse.ts(659,26): error TS2339: Property 'creator_id' does not exist on type 'SelectQueryError<"column 'deal_execution_status' does not exist on 'brand_deals'.">'.
src/routes/brandResponse.ts(665,20): error TS2339: Property 'analysis_report_id' does not exist on type 'SelectQueryError<"column 'deal_execution_status' does not exist on 'brand_deals'.">'.
src/routes/brandResponse.ts(669,30): error TS2339: Property 'analysis_report_id' does not exist on type 'SelectQueryError<"column 'deal_execution_status' does not exist on 'brand_deals'.">'.
src/routes/brandResponse.ts(676,20): error TS2339: Property 'deliverables' does not exist on type 'SelectQueryError<"column 'deal_execution_status' does not exist on 'brand_deals'.">'.
src/routes/brandResponse.ts(677,29): error TS2339: Property 'deliverables' does not exist on type 'SelectQueryError<"column 'deal_execution_status' does not exist on 'brand_deals'.">'.
src/routes/brandResponse.ts(679,48): error TS2339: Property 'deliverables' does not exist on type 'SelectQueryError<"column 'deal_execution_status' does not exist on 'brand_deals'.">'.
src/routes/brandResponse.ts(680,75): error TS2339: Property 'deliverables' does not exist on type 'SelectQueryError<"column 'deal_execution_status' does not exist on 'brand_deals'.">'.
src/routes/brandResponse.ts(682,42): error TS2339: Property 'deliverables' does not exist on type 'SelectQueryError<"column 'deal_execution_status' does not exist on 'brand_deals'.">'.
src/routes/brandResponse.ts(684,43): error TS2339: Property 'deliverables' does not exist on type 'SelectQueryError<"column 'deal_execution_status' does not exist on 'brand_deals'.">'.
src/routes/brandResponse.ts(685,39): error TS2339: Property 'deliverables' does not exist on type 'SelectQueryError<"column 'deal_execution_status' does not exist on 'brand_deals'.">'.
src/routes/brandResponse.ts(690,35): error TS2339: Property 'deal_schema' does not exist on type 'SelectQueryError<"column 'deal_execution_status' does not exist on 'brand_deals'.">'.
src/routes/brandResponse.ts(691,28): error TS2339: Property 'deal_schema' does not exist on type 'SelectQueryError<"column 'deal_execution_status' does not exist on 'brand_deals'.">'.
src/routes/brandResponse.ts(691,71): error TS2339: Property 'deal_schema' does not exist on type 'SelectQueryError<"column 'deal_execution_status' does not exist on 'brand_deals'.">'.
src/routes/brandResponse.ts(691,91): error TS2339: Property 'deal_schema' does not exist on type 'SelectQueryError<"column 'deal_execution_status' does not exist on 'brand_deals'.">'.
src/routes/brandResponse.ts(695,39): error TS2339: Property 'first_name' does not exist on type 'SelectQueryError<"column 'email' does not exist on 'profiles'.">'.
src/routes/brandResponse.ts(695,61): error TS2339: Property 'last_name' does not exist on type 'SelectQueryError<"column 'email' does not exist on 'profiles'.">'.
src/routes/brandResponse.ts(696,26): error TS2339: Property 'first_name' does not exist on type 'SelectQueryError<"column 'email' does not exist on 'profiles'.">'.
src/routes/brandResponse.ts(696,48): error TS2339: Property 'last_name' does not exist on type 'SelectQueryError<"column 'email' does not exist on 'profiles'.">'.
src/routes/brandResponse.ts(697,23): error TS2339: Property 'first_name' does not exist on type 'SelectQueryError<"column 'email' does not exist on 'profiles'.">'.
src/routes/brandResponse.ts(697,45): error TS2339: Property 'email' does not exist on type 'SelectQueryError<"column 'email' does not exist on 'profiles'.">'.
src/routes/brandResponse.ts(700,29): error TS2339: Property 'brand_name' does not exist on type 'SelectQueryError<"column 'deal_execution_status' does not exist on 'brand_deals'.">'.
src/routes/brandResponse.ts(702,30): error TS2339: Property 'deal_amount' does not exist on type 'SelectQueryError<"column 'deal_execution_status' does not exist on 'brand_deals'.">'.
src/routes/brandResponse.ts(704,30): error TS2339: Property 'brand_email' does not exist on type 'SelectQueryError<"column 'deal_execution_status' does not exist on 'brand_deals'.">'.
src/routes/brandResponse.ts(706,35): error TS2339: Property 'email' does not exist on type 'SelectQueryError<"column 'email' does not exist on 'profiles'.">'.
src/routes/brandResponse.ts(707,37): error TS2339: Property 'address' does not exist on type 'SelectQueryError<"column 'email' does not exist on 'profiles'.">'.
src/routes/brandResponse.ts(729,33): error TS2339: Property 'id' does not exist on type 'SelectQueryError<"column 'deal_execution_status' does not exist on 'brand_deals'.">'.
src/routes/brandResponse.ts(761,23): error TS2769: No overload matches this call.
  Overload 1 of 2, '(relation: "profiles" | "brands" | "contracts" | "organizations" | "brand_deals" | "brand_reply_tokens" | "conversations" | "legal_notices" | "deal_details_tokens" | "cases" | "categories" | ... 53 more ... | "influencers"): PostgrestQueryBuilder<...>', gave the following error.
    Argument of type '"analytics_events"' is not assignable to parameter of type '"profiles" | "brands" | "contracts" | "organizations" | "brand_deals" | "brand_reply_tokens" | "conversations" | "legal_notices" | "deal_details_tokens" | "cases" | "categories" | ... 53 more ... | "influencers"'.
  Overload 2 of 2, '(relation: "performance_metrics"): PostgrestQueryBuilder<{ PostgrestVersion: "13.0.5"; }, { Tables: { activity_log: { Row: { client_id: string; created_at: string; description: string; id: string; }; Insert: { client_id?: string; created_at?: string; description: string; id?: string; }; Update: { ...; }; Relationships: [...]; }; ... 63 more ...; influencers: { ...; }; }; Views: { ...; }; Functions: { ...; }; Enums: { ...; }; CompositeTypes: {}; }, { ...; }, "performance_metrics", []>', gave the following error.
    Argument of type '"analytics_events"' is not assignable to parameter of type '"performance_metrics"'.
src/routes/brandResponse.ts(765,36): error TS2339: Property 'creator_id' does not exist on type 'SelectQueryError<"column 'deal_execution_status' does not exist on 'brand_deals'.">'.
src/routes/brandResponse.ts(777,22): error TS2339: Property 'brand_email' does not exist on type 'SelectQueryError<"column 'deal_execution_status' does not exist on 'brand_deals'.">'.
src/routes/brandResponse.ts(781,24): error TS2339: Property 'brand_email' does not exist on type 'SelectQueryError<"column 'deal_execution_status' does not exist on 'brand_deals'.">'.
src/routes/brandResponse.ts(782,24): error TS2339: Property 'brand_name' does not exist on type 'SelectQueryError<"column 'deal_execution_status' does not exist on 'brand_deals'.">'.
src/routes/brandResponse.ts(784,37): error TS2339: Property 'brand_name' does not exist on type 'SelectQueryError<"column 'deal_execution_status' does not exist on 'brand_deals'.">'.
src/routes/brandResponse.ts(785,21): error TS2353: Object literal may only specify known properties, and 'dealAmount' does not exist in type 'BrandFormSubmissionData'.
src/routes/brandResponse.ts(785,38): error TS2339: Property 'deal_amount' does not exist on type 'SelectQueryError<"column 'deal_execution_status' does not exist on 'brand_deals'.">'.
src/routes/brandResponse.ts(808,17): error TS2769: No overload matches this call.
  Overload 1 of 2, '(relation: "profiles" | "brands" | "contracts" | "organizations" | "brand_deals" | "brand_reply_tokens" | "conversations" | "legal_notices" | "deal_details_tokens" | "cases" | "categories" | ... 53 more ... | "influencers"): PostgrestQueryBuilder<...>', gave the following error.
    Argument of type '"analytics_events"' is not assignable to parameter of type '"profiles" | "brands" | "contracts" | "organizations" | "brand_deals" | "brand_reply_tokens" | "conversations" | "legal_notices" | "deal_details_tokens" | "cases" | "categories" | ... 53 more ... | "influencers"'.
  Overload 2 of 2, '(relation: "performance_metrics"): PostgrestQueryBuilder<{ PostgrestVersion: "13.0.5"; }, { Tables: { activity_log: { Row: { client_id: string; created_at: string; description: string; id: string; }; Insert: { client_id?: string; created_at?: string; description: string; id?: string; }; Update: { ...; }; Relationships: [...]; }; ... 63 more ...; influencers: { ...; }; }; Views: { ...; }; Functions: { ...; }; Enums: { ...; }; CompositeTypes: {}; }, { ...; }, "performance_metrics", []>', gave the following error.
    Argument of type '"analytics_events"' is not assignable to parameter of type '"performance_metrics"'.
src/routes/brandResponse.ts(812,30): error TS2339: Property 'creator_id' does not exist on type 'SelectQueryError<"column 'deal_execution_status' does not exist on 'brand_deals'.">'.
src/routes/collabAnalytics.ts(128,27): error TS2339: Property 'id' does not exist on type 'SelectQueryError<"column 'username' does not exist on 'profiles'.">'.
src/routes/collabAnalytics.ts(129,25): error TS2339: Property 'username' does not exist on type 'SelectQueryError<"column 'username' does not exist on 'profiles'.">'.
src/routes/collabAnalytics.ts(130,21): error TS2339: Property 'role' does not exist on type 'SelectQueryError<"column 'username' does not exist on 'profiles'.">'.
src/routes/collabAnalytics.ts(138,42): error TS2589: Type instantiation is excessively deep and possibly infinite.
src/routes/collabAnalytics.ts(139,13): error TS2769: No overload matches this call.
  Overload 1 of 2, '(relation: "profiles" | "brands" | "contracts" | "organizations" | "brand_deals" | "brand_reply_tokens" | "conversations" | "legal_notices" | "deal_details_tokens" | "cases" | "categories" | ... 53 more ... | "influencers"): PostgrestQueryBuilder<...>', gave the following error.
    Argument of type '"collab_link_events"' is not assignable to parameter of type '"profiles" | "brands" | "contracts" | "organizations" | "brand_deals" | "brand_reply_tokens" | "conversations" | "legal_notices" | "deal_details_tokens" | "cases" | "categories" | ... 53 more ... | "influencers"'.
  Overload 2 of 2, '(relation: "performance_metrics"): PostgrestQueryBuilder<{ PostgrestVersion: "13.0.5"; }, { Tables: { activity_log: { Row: { client_id: string; created_at: string; description: string; id: string; }; Insert: { client_id?: string; created_at?: string; description: string; id?: string; }; Update: { ...; }; Relationships: [...]; }; ... 63 more ...; influencers: { ...; }; }; Views: { ...; }; Functions: { ...; }; Enums: { ...; }; CompositeTypes: {}; }, { ...; }, "performance_metrics", []>', gave the following error.
    Argument of type '"collab_link_events"' is not assignable to parameter of type '"performance_metrics"'.
src/routes/collabAnalytics.ts(141,33): error TS2339: Property 'id' does not exist on type 'SelectQueryError<"column 'username' does not exist on 'profiles'.">'.
src/routes/collabAnalytics.ts(157,29): error TS2339: Property 'id' does not exist on type 'SelectQueryError<"column 'username' does not exist on 'profiles'.">'.
src/routes/collabAnalytics.ts(169,13): error TS2769: No overload matches this call.
  Overload 1 of 2, '(relation: "profiles" | "brands" | "contracts" | "organizations" | "brand_deals" | "brand_reply_tokens" | "conversations" | "legal_notices" | "deal_details_tokens" | "cases" | "categories" | ... 53 more ... | "influencers"): PostgrestQueryBuilder<...>', gave the following error.
    Argument of type '"collab_link_events"' is not assignable to parameter of type '"profiles" | "brands" | "contracts" | "organizations" | "brand_deals" | "brand_reply_tokens" | "conversations" | "legal_notices" | "deal_details_tokens" | "cases" | "categories" | ... 53 more ... | "influencers"'.
  Overload 2 of 2, '(relation: "performance_metrics"): PostgrestQueryBuilder<{ PostgrestVersion: "13.0.5"; }, { Tables: { activity_log: { Row: { client_id: string; created_at: string; description: string; id: string; }; Insert: { client_id?: string; created_at?: string; description: string; id?: string; }; Update: { ...; }; Relationships: [...]; }; ... 63 more ...; influencers: { ...; }; }; Views: { ...; }; Functions: { ...; }; Enums: { ...; }; CompositeTypes: {}; }, { ...; }, "performance_metrics", []>', gave the following error.
    Argument of type '"collab_link_events"' is not assignable to parameter of type '"performance_metrics"'.
src/routes/collabAnalytics.ts(177,62): error TS2339: Property 'id' does not exist on type 'SelectQueryError<"column 'username' does not exist on 'profiles'.">'.
src/routes/collabAnalytics.ts(188,29): error TS2339: Property 'id' does not exist on type 'SelectQueryError<"column 'username' does not exist on 'profiles'.">'.
src/routes/collabAnalytics.ts(229,13): error TS2769: No overload matches this call.
  Overload 1 of 2, '(relation: "profiles" | "brands" | "contracts" | "organizations" | "brand_deals" | "brand_reply_tokens" | "conversations" | "legal_notices" | "deal_details_tokens" | "cases" | "categories" | ... 53 more ... | "influencers"): PostgrestQueryBuilder<...>', gave the following error.
    Argument of type '"collab_link_events"' is not assignable to parameter of type '"profiles" | "brands" | "contracts" | "organizations" | "brand_deals" | "brand_reply_tokens" | "conversations" | "legal_notices" | "deal_details_tokens" | "cases" | "categories" | ... 53 more ... | "influencers"'.
  Overload 2 of 2, '(relation: "performance_metrics"): PostgrestQueryBuilder<{ PostgrestVersion: "13.0.5"; }, { Tables: { activity_log: { Row: { client_id: string; created_at: string; description: string; id: string; }; Insert: { client_id?: string; created_at?: string; description: string; id?: string; }; Update: { ...; }; Relationships: [...]; }; ... 63 more ...; influencers: { ...; }; }; Views: { ...; }; Functions: { ...; }; Enums: { ...; }; CompositeTypes: {}; }, { ...; }, "performance_metrics", []>', gave the following error.
    Argument of type '"collab_link_events"' is not assignable to parameter of type '"performance_metrics"'.
src/routes/collabAnalytics.ts(251,38): error TS2339: Property 'event_type' does not exist on type 'SelectQueryError<"column 'event_type' does not exist on 'profiles'."> | SelectQueryError<"column 'event_type' does not exist on 'brands'."> | ... 62 more ... | SelectQueryError<...>'.
  Property 'event_type' does not exist on type 'SelectQueryError<"column 'event_type' does not exist on 'profiles'.">'.
src/routes/collabAnalytics.ts(252,44): error TS2339: Property 'event_type' does not exist on type 'SelectQueryError<"column 'event_type' does not exist on 'profiles'."> | SelectQueryError<"column 'event_type' does not exist on 'brands'."> | ... 62 more ... | SelectQueryError<...>'.
  Property 'event_type' does not exist on type 'SelectQueryError<"column 'event_type' does not exist on 'profiles'.">'.
src/routes/collabAnalytics.ts(259,41): error TS2339: Property 'event_type' does not exist on type 'SelectQueryError<"column 'event_type' does not exist on 'profiles'."> | SelectQueryError<"column 'event_type' does not exist on 'brands'."> | ... 62 more ... | SelectQueryError<...>'.
  Property 'event_type' does not exist on type 'SelectQueryError<"column 'event_type' does not exist on 'profiles'.">'.
src/routes/collabAnalytics.ts(260,47): error TS2339: Property 'event_type' does not exist on type 'SelectQueryError<"column 'event_type' does not exist on 'profiles'."> | SelectQueryError<"column 'event_type' does not exist on 'brands'."> | ... 62 more ... | SelectQueryError<...>'.
  Property 'event_type' does not exist on type 'SelectQueryError<"column 'event_type' does not exist on 'profiles'.">'.
src/routes/collabAnalytics.ts(264,45): error TS2339: Property 'event_type' does not exist on type 'SelectQueryError<"column 'event_type' does not exist on 'profiles'."> | SelectQueryError<"column 'event_type' does not exist on 'brands'."> | ... 62 more ... | SelectQueryError<...>'.
  Property 'event_type' does not exist on type 'SelectQueryError<"column 'event_type' does not exist on 'profiles'.">'.
src/routes/collabAnalytics.ts(266,40): error TS2339: Property 'device_type' does not exist on type 'SelectQueryError<"column 'event_type' does not exist on 'profiles'."> | SelectQueryError<"column 'event_type' does not exist on 'brands'."> | ... 62 more ... | SelectQueryError<...>'.
  Property 'device_type' does not exist on type 'SelectQueryError<"column 'event_type' does not exist on 'profiles'.">'.
src/routes/collabAnalytics.ts(267,41): error TS2339: Property 'device_type' does not exist on type 'SelectQueryError<"column 'event_type' does not exist on 'profiles'."> | SelectQueryError<"column 'event_type' does not exist on 'brands'."> | ... 62 more ... | SelectQueryError<...>'.
  Property 'device_type' does not exist on type 'SelectQueryError<"column 'event_type' does not exist on 'profiles'.">'.
src/routes/collabAnalytics.ts(268,40): error TS2339: Property 'device_type' does not exist on type 'SelectQueryError<"column 'event_type' does not exist on 'profiles'."> | SelectQueryError<"column 'event_type' does not exist on 'brands'."> | ... 62 more ... | SelectQueryError<...>'.
  Property 'device_type' does not exist on type 'SelectQueryError<"column 'event_type' does not exist on 'profiles'.">'.
src/routes/collabAnalytics.ts(269,41): error TS2339: Property 'device_type' does not exist on type 'SelectQueryError<"column 'event_type' does not exist on 'profiles'."> | SelectQueryError<"column 'event_type' does not exist on 'brands'."> | ... 62 more ... | SelectQueryError<...>'.
  Property 'device_type' does not exist on type 'SelectQueryError<"column 'event_type' does not exist on 'profiles'.">'.
src/routes/collabAnalytics.ts(278,13): error TS2769: No overload matches this call.
  Overload 1 of 2, '(relation: "profiles" | "brands" | "contracts" | "organizations" | "brand_deals" | "brand_reply_tokens" | "conversations" | "legal_notices" | "deal_details_tokens" | "cases" | "categories" | ... 53 more ... | "influencers"): PostgrestQueryBuilder<...>', gave the following error.
    Argument of type '"collab_link_events"' is not assignable to parameter of type '"profiles" | "brands" | "contracts" | "organizations" | "brand_deals" | "brand_reply_tokens" | "conversations" | "legal_notices" | "deal_details_tokens" | "cases" | "categories" | ... 53 more ... | "influencers"'.
  Overload 2 of 2, '(relation: "performance_metrics"): PostgrestQueryBuilder<{ PostgrestVersion: "13.0.5"; }, { Tables: { activity_log: { Row: { client_id: string; created_at: string; description: string; id: string; }; Insert: { client_id?: string; created_at?: string; description: string; id?: string; }; Update: { ...; }; Relationships: [...]; }; ... 63 more ...; influencers: { ...; }; }; Views: { ...; }; Functions: { ...; }; Enums: { ...; }; CompositeTypes: {}; }, { ...; }, "performance_metrics", []>', gave the following error.
    Argument of type '"collab_link_events"' is not assignable to parameter of type '"performance_metrics"'.
src/routes/collabAnalytics.ts(284,61): error TS2339: Property 'event_type' does not exist on type 'SelectQueryError<"column 'event_type' does not exist on 'profiles'."> | SelectQueryError<"column 'event_type' does not exist on 'brands'."> | ... 62 more ... | SelectQueryError<...>'.
  Property 'event_type' does not exist on type 'SelectQueryError<"column 'event_type' does not exist on 'profiles'.">'.
src/routes/collabAnalytics.ts(285,67): error TS2339: Property 'event_type' does not exist on type 'SelectQueryError<"column 'event_type' does not exist on 'profiles'."> | SelectQueryError<"column 'event_type' does not exist on 'brands'."> | ... 62 more ... | SelectQueryError<...>'.
  Property 'event_type' does not exist on type 'SelectQueryError<"column 'event_type' does not exist on 'profiles'.">'.
src/routes/collabAnalytics.ts(299,24): error TS2339: Property 'event_type' does not exist on type 'SelectQueryError<"column 'event_type' does not exist on 'profiles'."> | SelectQueryError<"column 'event_type' does not exist on 'brands'."> | ... 62 more ... | SelectQueryError<...>'.
  Property 'event_type' does not exist on type 'SelectQueryError<"column 'event_type' does not exist on 'profiles'.">'.
src/routes/collabAnalytics.ts(300,21): error TS2339: Property 'ip_hash' does not exist on type 'SelectQueryError<"column 'event_type' does not exist on 'profiles'."> | SelectQueryError<"column 'event_type' does not exist on 'brands'."> | ... 62 more ... | SelectQueryError<...>'.
  Property 'ip_hash' does not exist on type 'SelectQueryError<"column 'event_type' does not exist on 'profiles'.">'.
src/routes/collabAnalytics.ts(363,15): error TS2769: No overload matches this call.
  Overload 1 of 2, '(relation: "profiles" | "brands" | "contracts" | "organizations" | "brand_deals" | "brand_reply_tokens" | "conversations" | "legal_notices" | "deal_details_tokens" | "cases" | "categories" | ... 53 more ... | "influencers"): PostgrestQueryBuilder<...>', gave the following error.
    Argument of type '"collab_link_events"' is not assignable to parameter of type '"profiles" | "brands" | "contracts" | "organizations" | "brand_deals" | "brand_reply_tokens" | "conversations" | "legal_notices" | "deal_details_tokens" | "cases" | "categories" | ... 53 more ... | "influencers"'.
  Overload 2 of 2, '(relation: "performance_metrics"): PostgrestQueryBuilder<{ PostgrestVersion: "13.0.5"; }, { Tables: { activity_log: { Row: { client_id: string; created_at: string; description: string; id: string; }; Insert: { client_id?: string; created_at?: string; description: string; id?: string; }; Update: { ...; }; Relationships: [...]; }; ... 63 more ...; influencers: { ...; }; }; Views: { ...; }; Functions: { ...; }; Enums: { ...; }; CompositeTypes: {}; }, { ...; }, "performance_metrics", []>', gave the following error.
    Argument of type '"collab_link_events"' is not assignable to parameter of type '"performance_metrics"'.
src/routes/collabRequests.ts(79,54): error TS2589: Type instantiation is excessively deep and possibly infinite.
src/routes/collabRequests.ts(79,54): error TS2589: Type instantiation is excessively deep and possibly infinite.
src/routes/collabRequests.ts(80,13): error TS2769: No overload matches this call.
  Overload 1 of 2, '(relation: "profiles" | "brands" | "contracts" | "organizations" | "brand_deals" | "brand_reply_tokens" | "conversations" | "legal_notices" | "deal_details_tokens" | "cases" | "categories" | ... 53 more ... | "influencers"): PostgrestQueryBuilder<...>', gave the following error.
    Argument of type '"collab_request_drafts"' is not assignable to parameter of type '"profiles" | "brands" | "contracts" | "organizations" | "brand_deals" | "brand_reply_tokens" | "conversations" | "legal_notices" | "deal_details_tokens" | "cases" | "categories" | ... 53 more ... | "influencers"'.
  Overload 2 of 2, '(relation: "performance_metrics"): PostgrestQueryBuilder<{ PostgrestVersion: "13.0.5"; }, { Tables: { activity_log: { Row: { client_id: string; created_at: string; description: string; id: string; }; Insert: { client_id?: string; created_at?: string; description: string; id?: string; }; Update: { ...; }; Relationships: [...]; }; ... 63 more ...; influencers: { ...; }; }; Views: { ...; }; Functions: { ...; }; Enums: { ...; }; CompositeTypes: {}; }, { ...; }, "performance_metrics", []>', gave the following error.
    Argument of type '"collab_request_drafts"' is not assignable to parameter of type '"performance_metrics"'.
src/routes/collabRequests.ts(92,38): error TS2339: Property 'expires_at' does not exist on type 'SelectQueryError<"column 'form_data' does not exist on 'profiles'."> | SelectQueryError<"column 'form_data' does not exist on 'brands'."> | ... 62 more ... | SelectQueryError<...>'.
  Property 'expires_at' does not exist on type 'SelectQueryError<"column 'form_data' does not exist on 'profiles'.">'.
src/routes/collabRequests.ts(98,23): error TS2339: Property 'form_data' does not exist on type 'SelectQueryError<"column 'form_data' does not exist on 'profiles'."> | SelectQueryError<"column 'form_data' does not exist on 'brands'."> | ... 62 more ... | SelectQueryError<...>'.
  Property 'form_data' does not exist on type 'SelectQueryError<"column 'form_data' does not exist on 'profiles'.">'.
src/routes/collabRequests.ts(127,13): error TS2769: No overload matches this call.
  Overload 1 of 2, '(relation: "profiles" | "brands" | "contracts" | "organizations" | "brand_deals" | "brand_reply_tokens" | "conversations" | "legal_notices" | "deal_details_tokens" | "cases" | "categories" | ... 53 more ... | "influencers"): PostgrestQueryBuilder<...>', gave the following error.
    Argument of type '"collab_request_drafts"' is not assignable to parameter of type '"profiles" | "brands" | "contracts" | "organizations" | "brand_deals" | "brand_reply_tokens" | "conversations" | "legal_notices" | "deal_details_tokens" | "cases" | "categories" | ... 53 more ... | "influencers"'.
  Overload 2 of 2, '(relation: "performance_metrics"): PostgrestQueryBuilder<{ PostgrestVersion: "13.0.5"; }, { Tables: { activity_log: { Row: { client_id: string; created_at: string; description: string; id: string; }; Insert: { client_id?: string; created_at?: string; description: string; id?: string; }; Update: { ...; }; Relationships: [...]; }; ... 63 more ...; influencers: { ...; }; }; Views: { ...; }; Functions: { ...; }; Enums: { ...; }; CompositeTypes: {}; }, { ...; }, "performance_metrics", []>', gave the following error.
    Argument of type '"collab_request_drafts"' is not assignable to parameter of type '"performance_metrics"'.
src/routes/collabRequests.ts(129,9): error TS2769: No overload matches this call.
  Overload 1 of 2, '(values: { client_id?: string; created_at?: string; description: string; id?: string; } | { action_type: string; created_at?: string; description?: string; id?: string; ip_address?: string; is_security_event?: boolean; ... 6 more ...; user_id?: string; } | ... 62 more ... | { ...; }, options?: { ...; }): PostgrestFilterBuilder<...>', gave the following error.
    Object literal may only specify known properties, and 'creator_username' does not exist in type '{ client_id?: string; created_at?: string; description: string; id?: string; } | { action_type: string; created_at?: string; description?: string; id?: string; ip_address?: string; is_security_event?: boolean; ... 6 more ...; user_id?: string; } | ... 62 more ... | { ...; }'.
  Overload 2 of 2, '(values: ({ client_id?: string; created_at?: string; description: string; id?: string; } | { action_type: string; created_at?: string; description?: string; id?: string; ip_address?: string; is_security_event?: boolean; ... 6 more ...; user_id?: string; } | ... 62 more ... | { ...; })[], options?: { ...; }): PostgrestFilterBuilder<...>', gave the following error.
    Object literal may only specify known properties, and 'creator_username' does not exist in type '({ client_id?: string; created_at?: string; description: string; id?: string; } | { action_type: string; created_at?: string; description?: string; id?: string; ip_address?: string; is_security_event?: boolean; ... 6 more ...; user_id?: string; } | ... 62 more ... | { ...; })[]'.
src/routes/collabRequests.ts(185,13): error TS2769: No overload matches this call.
  Overload 1 of 2, '(relation: "profiles" | "brands" | "contracts" | "organizations" | "brand_deals" | "brand_reply_tokens" | "conversations" | "legal_notices" | "deal_details_tokens" | "cases" | "categories" | ... 53 more ... | "influencers"): PostgrestQueryBuilder<...>', gave the following error.
    Argument of type '"collab_accept_tokens"' is not assignable to parameter of type '"profiles" | "brands" | "contracts" | "organizations" | "brand_deals" | "brand_reply_tokens" | "conversations" | "legal_notices" | "deal_details_tokens" | "cases" | "categories" | ... 53 more ... | "influencers"'.
  Overload 2 of 2, '(relation: "performance_metrics"): PostgrestQueryBuilder<{ PostgrestVersion: "13.0.5"; }, { Tables: { activity_log: { Row: { client_id: string; created_at: string; description: string; id: string; }; Insert: { client_id?: string; created_at?: string; description: string; id?: string; }; Update: { ...; }; Relationships: [...]; }; ... 63 more ...; influencers: { ...; }; }; Views: { ...; }; Functions: { ...; }; Enums: { ...; }; CompositeTypes: {}; }, { ...; }, "performance_metrics", []>', gave the following error.
    Argument of type '"collab_accept_tokens"' is not assignable to parameter of type '"performance_metrics"'.
src/routes/collabRequests.ts(192,41): error TS2339: Property 'expires_at' does not exist on type 'SelectQueryError<"column 'id' does not exist on 'profiles'."> | SelectQueryError<"column 'id' does not exist on 'brands'."> | SelectQueryError<...> | ... 61 more ... | SelectQueryError<...>'.
  Property 'expires_at' does not exist on type 'SelectQueryError<"column 'id' does not exist on 'profiles'.">'.
src/routes/collabRequests.ts(201,13): error TS2769: No overload matches this call.
  Overload 1 of 2, '(relation: "profiles" | "brands" | "contracts" | "organizations" | "brand_deals" | "brand_reply_tokens" | "conversations" | "legal_notices" | "deal_details_tokens" | "cases" | "categories" | ... 53 more ... | "influencers"): PostgrestQueryBuilder<...>', gave the following error.
    Argument of type '"collab_requests"' is not assignable to parameter of type '"profiles" | "brands" | "contracts" | "organizations" | "brand_deals" | "brand_reply_tokens" | "conversations" | "legal_notices" | "deal_details_tokens" | "cases" | "categories" | ... 53 more ... | "influencers"'.
  Overload 2 of 2, '(relation: "performance_metrics"): PostgrestQueryBuilder<{ PostgrestVersion: "13.0.5"; }, { Tables: { activity_log: { Row: { client_id: string; created_at: string; description: string; id: string; }; Insert: { client_id?: string; created_at?: string; description: string; id?: string; }; Update: { ...; }; Relationships: [...]; }; ... 63 more ...; influencers: { ...; }; }; Views: { ...; }; Functions: { ...; }; Enums: { ...; }; CompositeTypes: {}; }, { ...; }, "performance_metrics", []>', gave the following error.
    Argument of type '"collab_requests"' is not assignable to parameter of type '"performance_metrics"'.
src/routes/collabRequests.ts(203,26): error TS2339: Property 'collab_request_id' does not exist on type 'SelectQueryError<"column 'id' does not exist on 'profiles'."> | SelectQueryError<"column 'id' does not exist on 'brands'."> | SelectQueryError<...> | ... 61 more ... | SelectQueryError<...>'.
  Property 'collab_request_id' does not exist on type 'SelectQueryError<"column 'id' does not exist on 'profiles'.">'.
src/routes/collabRequests.ts(208,17): error TS2339: Property 'status' does not exist on type 'SelectQueryError<"column 'id' does not exist on 'profiles'."> | SelectQueryError<"column 'id' does not exist on 'brands'."> | SelectQueryError<...> | ... 61 more ... | SelectQueryError<...>'.
  Property 'status' does not exist on type 'SelectQueryError<"column 'id' does not exist on 'profiles'.">'.
src/routes/collabRequests.ts(212,25): error TS2339: Property 'status' does not exist on type 'SelectQueryError<"column 'id' does not exist on 'profiles'."> | SelectQueryError<"column 'id' does not exist on 'brands'."> | SelectQueryError<...> | ... 61 more ... | SelectQueryError<...>'.
  Property 'status' does not exist on type 'SelectQueryError<"column 'id' does not exist on 'profiles'.">'.
src/routes/collabRequests.ts(214,29): error TS2339: Property 'brand_name' does not exist on type 'SelectQueryError<"column 'id' does not exist on 'profiles'."> | SelectQueryError<"column 'id' does not exist on 'brands'."> | SelectQueryError<...> | ... 61 more ... | SelectQueryError<...>'.
  Property 'brand_name' does not exist on type 'SelectQueryError<"column 'id' does not exist on 'profiles'.">'.
src/routes/collabRequests.ts(215,30): error TS2339: Property 'collab_type' does not exist on type 'SelectQueryError<"column 'id' does not exist on 'profiles'."> | SelectQueryError<"column 'id' does not exist on 'brands'."> | SelectQueryError<...> | ... 61 more ... | SelectQueryError<...>'.
  Property 'collab_type' does not exist on type 'SelectQueryError<"column 'id' does not exist on 'profiles'.">'.
src/routes/collabRequests.ts(216,31): error TS2339: Property 'deliverables' does not exist on type 'SelectQueryError<"column 'id' does not exist on 'profiles'."> | SelectQueryError<"column 'id' does not exist on 'brands'."> | SelectQueryError<...> | ... 61 more ... | SelectQueryError<...>'.
  Property 'deliverables' does not exist on type 'SelectQueryError<"column 'id' does not exist on 'profiles'.">'.
src/routes/collabRequests.ts(217,27): error TS2339: Property 'deadline' does not exist on type 'SelectQueryError<"column 'id' does not exist on 'profiles'."> | SelectQueryError<"column 'id' does not exist on 'brands'."> | SelectQueryError<...> | ... 61 more ... | SelectQueryError<...>'.
  Property 'deadline' does not exist on type 'SelectQueryError<"column 'id' does not exist on 'profiles'.">'.
src/routes/collabRequests.ts(218,25): error TS2339: Property 'exact_budget' does not exist on type 'SelectQueryError<"column 'id' does not exist on 'profiles'."> | SelectQueryError<"column 'id' does not exist on 'brands'."> | SelectQueryError<...> | ... 61 more ... | SelectQueryError<...>'.
  Property 'exact_budget' does not exist on type 'SelectQueryError<"column 'id' does not exist on 'profiles'.">'.
src/routes/collabRequests.ts(218,49): error TS2339: Property 'barter_value' does not exist on type 'SelectQueryError<"column 'id' does not exist on 'profiles'."> | SelectQueryError<"column 'id' does not exist on 'brands'."> | SelectQueryError<...> | ... 61 more ... | SelectQueryError<...>'.
  Property 'barter_value' does not exist on type 'SelectQueryError<"column 'id' does not exist on 'profiles'.">'.
src/routes/collabRequests.ts(223,49): error TS2339: Property 'deliverables' does not exist on type 'SelectQueryError<"column 'id' does not exist on 'profiles'."> | SelectQueryError<"column 'id' does not exist on 'brands'."> | SelectQueryError<...> | ... 61 more ... | SelectQueryError<...>'.
  Property 'deliverables' does not exist on type 'SelectQueryError<"column 'id' does not exist on 'profiles'.">'.
src/routes/collabRequests.ts(224,19): error TS2339: Property 'deliverables' does not exist on type 'SelectQueryError<"column 'id' does not exist on 'profiles'."> | SelectQueryError<"column 'id' does not exist on 'brands'."> | SelectQueryError<...> | ... 61 more ... | SelectQueryError<...>'.
  Property 'deliverables' does not exist on type 'SelectQueryError<"column 'id' does not exist on 'profiles'.">'.
src/routes/collabRequests.ts(225,26): error TS2339: Property 'deliverables' does not exist on type 'SelectQueryError<"column 'id' does not exist on 'profiles'."> | SelectQueryError<"column 'id' does not exist on 'brands'."> | SelectQueryError<...> | ... 61 more ... | SelectQueryError<...>'.
  Property 'deliverables' does not exist on type 'SelectQueryError<"column 'id' does not exist on 'profiles'.">'.
src/routes/collabRequests.ts(226,32): error TS2339: Property 'deliverables' does not exist on type 'SelectQueryError<"column 'id' does not exist on 'profiles'."> | SelectQueryError<"column 'id' does not exist on 'brands'."> | SelectQueryError<...> | ... 61 more ... | SelectQueryError<...>'.
  Property 'deliverables' does not exist on type 'SelectQueryError<"column 'id' does not exist on 'profiles'.">'.
src/routes/collabRequests.ts(231,30): error TS2339: Property 'collab_type' does not exist on type 'SelectQueryError<"column 'id' does not exist on 'profiles'."> | SelectQueryError<"column 'id' does not exist on 'brands'."> | SelectQueryError<...> | ... 61 more ... | SelectQueryError<...>'.
  Property 'collab_type' does not exist on type 'SelectQueryError<"column 'id' does not exist on 'profiles'.">'.
src/routes/collabRequests.ts(231,76): error TS2339: Property 'collab_type' does not exist on type 'SelectQueryError<"column 'id' does not exist on 'profiles'."> | SelectQueryError<"column 'id' does not exist on 'brands'."> | SelectQueryError<...> | ... 61 more ... | SelectQueryError<...>'.
  Property 'collab_type' does not exist on type 'SelectQueryError<"column 'id' does not exist on 'profiles'.">'.
src/routes/collabRequests.ts(232,28): error TS2339: Property 'collab_type' does not exist on type 'SelectQueryError<"column 'id' does not exist on 'profiles'."> | SelectQueryError<"column 'id' does not exist on 'brands'."> | SelectQueryError<...> | ... 61 more ... | SelectQueryError<...>'.
  Property 'collab_type' does not exist on type 'SelectQueryError<"column 'id' does not exist on 'profiles'.">'.
src/routes/collabRequests.ts(232,64): error TS2339: Property 'barter_value' does not exist on type 'SelectQueryError<"column 'id' does not exist on 'profiles'."> | SelectQueryError<"column 'id' does not exist on 'brands'."> | SelectQueryError<...> | ... 61 more ... | SelectQueryError<...>'.
  Property 'barter_value' does not exist on type 'SelectQueryError<"column 'id' does not exist on 'profiles'.">'.
src/routes/collabRequests.ts(232,97): error TS2339: Property 'exact_budget' does not exist on type 'SelectQueryError<"column 'id' does not exist on 'profiles'."> | SelectQueryError<"column 'id' does not exist on 'brands'."> | SelectQueryError<...> | ... 61 more ... | SelectQueryError<...>'.
  Property 'exact_budget' does not exist on type 'SelectQueryError<"column 'id' does not exist on 'profiles'.">'.
src/routes/collabRequests.ts(236,27): error TS2339: Property 'brand_name' does not exist on type 'SelectQueryError<"column 'id' does not exist on 'profiles'."> | SelectQueryError<"column 'id' does not exist on 'brands'."> | SelectQueryError<...> | ... 61 more ... | SelectQueryError<...>'.
  Property 'brand_name' does not exist on type 'SelectQueryError<"column 'id' does not exist on 'profiles'.">'.
src/routes/collabRequests.ts(237,28): error TS2339: Property 'collab_type' does not exist on type 'SelectQueryError<"column 'id' does not exist on 'profiles'."> | SelectQueryError<"column 'id' does not exist on 'brands'."> | SelectQueryError<...> | ... 61 more ... | SelectQueryError<...>'.
  Property 'collab_type' does not exist on type 'SelectQueryError<"column 'id' does not exist on 'profiles'.">'.
src/routes/collabRequests.ts(241,25): error TS2339: Property 'deadline' does not exist on type 'SelectQueryError<"column 'id' does not exist on 'profiles'."> | SelectQueryError<"column 'id' does not exist on 'brands'."> | SelectQueryError<...> | ... 61 more ... | SelectQueryError<...>'.
  Property 'deadline' does not exist on type 'SelectQueryError<"column 'id' does not exist on 'profiles'.">'.
src/routes/collabRequests.ts(242,31): error TS2339: Property 'creator_email' does not exist on type 'SelectQueryError<"column 'id' does not exist on 'profiles'."> | SelectQueryError<"column 'id' does not exist on 'brands'."> | SelectQueryError<...> | ... 61 more ... | SelectQueryError<...>'.
  Property 'creator_email' does not exist on type 'SelectQueryError<"column 'id' does not exist on 'profiles'.">'.
src/routes/collabRequests.ts(243,28): error TS2339: Property 'expires_at' does not exist on type 'SelectQueryError<"column 'id' does not exist on 'profiles'."> | SelectQueryError<"column 'id' does not exist on 'brands'."> | SelectQueryError<...> | ... 61 more ... | SelectQueryError<...>'.
  Property 'expires_at' does not exist on type 'SelectQueryError<"column 'id' does not exist on 'profiles'.">'.
src/routes/collabRequests.ts(263,13): error TS2769: No overload matches this call.
  Overload 1 of 2, '(relation: "profiles" | "brands" | "contracts" | "organizations" | "brand_deals" | "brand_reply_tokens" | "conversations" | "legal_notices" | "deal_details_tokens" | "cases" | "categories" | ... 53 more ... | "influencers"): PostgrestQueryBuilder<...>', gave the following error.
    Argument of type '"collab_accept_tokens"' is not assignable to parameter of type '"profiles" | "brands" | "contracts" | "organizations" | "brand_deals" | "brand_reply_tokens" | "conversations" | "legal_notices" | "deal_details_tokens" | "cases" | "categories" | ... 53 more ... | "influencers"'.
  Overload 2 of 2, '(relation: "performance_metrics"): PostgrestQueryBuilder<{ PostgrestVersion: "13.0.5"; }, { Tables: { activity_log: { Row: { client_id: string; created_at: string; description: string; id: string; }; Insert: { client_id?: string; created_at?: string; description: string; id?: string; }; Update: { ...; }; Relationships: [...]; }; ... 63 more ...; influencers: { ...; }; }; Views: { ...; }; Functions: { ...; }; Enums: { ...; }; CompositeTypes: {}; }, { ...; }, "performance_metrics", []>', gave the following error.
    Argument of type '"collab_accept_tokens"' is not assignable to parameter of type '"performance_metrics"'.
src/routes/collabRequests.ts(270,41): error TS2339: Property 'expires_at' does not exist on type 'SelectQueryError<"column 'id' does not exist on 'profiles'."> | SelectQueryError<"column 'id' does not exist on 'brands'."> | SelectQueryError<...> | ... 61 more ... | SelectQueryError<...>'.
  Property 'expires_at' does not exist on type 'SelectQueryError<"column 'id' does not exist on 'profiles'.">'.
src/routes/collabRequests.ts(275,13): error TS2769: No overload matches this call.
  Overload 1 of 2, '(relation: "profiles" | "brands" | "contracts" | "organizations" | "brand_deals" | "brand_reply_tokens" | "conversations" | "legal_notices" | "deal_details_tokens" | "cases" | "categories" | ... 53 more ... | "influencers"): PostgrestQueryBuilder<...>', gave the following error.
    Argument of type '"collab_requests"' is not assignable to parameter of type '"profiles" | "brands" | "contracts" | "organizations" | "brand_deals" | "brand_reply_tokens" | "conversations" | "legal_notices" | "deal_details_tokens" | "cases" | "categories" | ... 53 more ... | "influencers"'.
  Overload 2 of 2, '(relation: "performance_metrics"): PostgrestQueryBuilder<{ PostgrestVersion: "13.0.5"; }, { Tables: { activity_log: { Row: { client_id: string; created_at: string; description: string; id: string; }; Insert: { client_id?: string; created_at?: string; description: string; id?: string; }; Update: { ...; }; Relationships: [...]; }; ... 63 more ...; influencers: { ...; }; }; Views: { ...; }; Functions: { ...; }; Enums: { ...; }; CompositeTypes: {}; }, { ...; }, "performance_metrics", []>', gave the following error.
    Argument of type '"collab_requests"' is not assignable to parameter of type '"performance_metrics"'.
src/routes/collabRequests.ts(277,26): error TS2339: Property 'collab_request_id' does not exist on type 'SelectQueryError<"column 'id' does not exist on 'profiles'."> | SelectQueryError<"column 'id' does not exist on 'brands'."> | SelectQueryError<...> | ... 61 more ... | SelectQueryError<...>'.
  Property 'collab_request_id' does not exist on type 'SelectQueryError<"column 'id' does not exist on 'profiles'.">'.
src/routes/collabRequests.ts(279,29): error TS2339: Property 'status' does not exist on type 'SelectQueryError<"column 'id' does not exist on 'profiles'."> | SelectQueryError<"column 'id' does not exist on 'brands'."> | SelectQueryError<...> | ... 61 more ... | SelectQueryError<...>'.
  Property 'status' does not exist on type 'SelectQueryError<"column 'id' does not exist on 'profiles'.">'.
src/routes/collabRequests.ts(286,23): error TS2339: Property 'creator_email' does not exist on type 'SelectQueryError<"column 'id' does not exist on 'profiles'."> | SelectQueryError<"column 'id' does not exist on 'brands'."> | SelectQueryError<...> | ... 61 more ... | SelectQueryError<...>'.
  Property 'creator_email' does not exist on type 'SelectQueryError<"column 'id' does not exist on 'profiles'.">'.
src/routes/collabRequests.ts(294,71): error TS2339: Property 'creator_email' does not exist on type 'SelectQueryError<"column 'id' does not exist on 'profiles'."> | SelectQueryError<"column 'id' does not exist on 'brands'."> | SelectQueryError<...> | ... 61 more ... | SelectQueryError<...>'.
  Property 'creator_email' does not exist on type 'SelectQueryError<"column 'id' does not exist on 'profiles'.">'.
src/routes/collabRequests.ts(327,56): error TS2589: Type instantiation is excessively deep and possibly infinite.
src/routes/collabRequests.ts(344,28): error TS2589: Type instantiation is excessively deep and possibly infinite.
src/routes/collabRequests.ts(381,27): error TS2339: Property 'id' does not exist on type 'SelectQueryError<"column 'instagram_handle' does not exist on 'profiles'.">'.
src/routes/collabRequests.ts(386,21): error TS2698: Spread types may only be created from object types.
src/routes/collabRequests.ts(386,33): error TS2698: Spread types may only be created from object types.
src/routes/collabRequests.ts(428,17): error TS2339: Property 'instagram_handle' does not exist on type 'SelectQueryError<"column 'instagram_handle' does not exist on 'profiles'.">'.
src/routes/collabRequests.ts(431,25): error TS2339: Property 'instagram_handle' does not exist on type 'SelectQueryError<"column 'instagram_handle' does not exist on 'profiles'.">'.
src/routes/collabRequests.ts(465,33): error TS2339: Property 'business_name' does not exist on type 'SelectQueryError<"column 'instagram_handle' does not exist on 'profiles'.">'.
src/routes/collabRequests.ts(466,18): error TS2339: Property 'first_name' does not exist on type 'SelectQueryError<"column 'instagram_handle' does not exist on 'profiles'.">'.
src/routes/collabRequests.ts(466,46): error TS2339: Property 'last_name' does not exist on type 'SelectQueryError<"column 'instagram_handle' does not exist on 'profiles'.">'.
src/routes/collabRequests.ts(472,21): error TS2339: Property 'id' does not exist on type 'SelectQueryError<"column 'instagram_handle' does not exist on 'profiles'.">'.
src/routes/collabRequests.ts(474,27): error TS2339: Property 'username' does not exist on type 'SelectQueryError<"column 'instagram_handle' does not exist on 'profiles'.">'.
src/routes/collabRequests.ts(475,27): error TS2339: Property 'creator_category' does not exist on type 'SelectQueryError<"column 'instagram_handle' does not exist on 'profiles'.">'.
src/routes/collabRequests.ts(477,22): error TS2339: Property 'bio' does not exist on type 'SelectQueryError<"column 'instagram_handle' does not exist on 'profiles'.">'.
src/routes/collabRequests.ts(651,72): error TS2589: Type instantiation is excessively deep and possibly infinite.
src/routes/collabRequests.ts(652,15): error TS2769: No overload matches this call.
  Overload 1 of 2, '(relation: "profiles" | "brands" | "contracts" | "organizations" | "brand_deals" | "brand_reply_tokens" | "conversations" | "legal_notices" | "deal_details_tokens" | "cases" | "categories" | ... 53 more ... | "influencers"): PostgrestQueryBuilder<...>', gave the following error.
    Argument of type '"collab_requests"' is not assignable to parameter of type '"profiles" | "brands" | "contracts" | "organizations" | "brand_deals" | "brand_reply_tokens" | "conversations" | "legal_notices" | "deal_details_tokens" | "cases" | "categories" | ... 53 more ... | "influencers"'.
  Overload 2 of 2, '(relation: "performance_metrics"): PostgrestQueryBuilder<{ PostgrestVersion: "13.0.5"; }, { Tables: { activity_log: { Row: { client_id: string; created_at: string; description: string; id: string; }; Insert: { client_id?: string; created_at?: string; description: string; id?: string; }; Update: { ...; }; Relationships: [...]; }; ... 63 more ...; influencers: { ...; }; }; Views: { ...; }; Functions: { ...; }; Enums: { ...; }; CompositeTypes: {}; }, { ...; }, "performance_metrics", []>', gave the following error.
    Argument of type '"collab_requests"' is not assignable to parameter of type '"performance_metrics"'.
src/routes/collabRequests.ts(655,35): error TS2339: Property 'id' does not exist on type 'SelectQueryError<"column 'username' does not exist on 'profiles'.">'.
src/routes/collabRequests.ts(686,27): error TS2339: Property 'id' does not exist on type 'SelectQueryError<"column 'username' does not exist on 'profiles'.">'.
src/routes/collabRequests.ts(723,13): error TS2769: No overload matches this call.
  Overload 1 of 2, '(relation: "profiles" | "brands" | "contracts" | "organizations" | "brand_deals" | "brand_reply_tokens" | "conversations" | "legal_notices" | "deal_details_tokens" | "cases" | "categories" | ... 53 more ... | "influencers"): PostgrestQueryBuilder<...>', gave the following error.
    Argument of type '"collab_requests"' is not assignable to parameter of type '"profiles" | "brands" | "contracts" | "organizations" | "brand_deals" | "brand_reply_tokens" | "conversations" | "legal_notices" | "deal_details_tokens" | "cases" | "categories" | ... 53 more ... | "influencers"'.
  Overload 2 of 2, '(relation: "performance_metrics"): PostgrestQueryBuilder<{ PostgrestVersion: "13.0.5"; }, { Tables: { activity_log: { Row: { client_id: string; created_at: string; description: string; id: string; }; Insert: { client_id?: string; created_at?: string; description: string; id?: string; }; Update: { ...; }; Relationships: [...]; }; ... 63 more ...; influencers: { ...; }; }; Views: { ...; }; Functions: { ...; }; Enums: { ...; }; CompositeTypes: {}; }, { ...; }, "performance_metrics", []>', gave the following error.
    Argument of type '"collab_requests"' is not assignable to parameter of type '"performance_metrics"'.
src/routes/collabRequests.ts(738,40): error TS2339: Property 'id' does not exist on type 'SelectQueryError<"column 'id' does not exist on 'profiles'."> | SelectQueryError<"column 'id' does not exist on 'brands'."> | SelectQueryError<...> | ... 61 more ... | SelectQueryError<...>'.
  Property 'id' does not exist on type 'SelectQueryError<"column 'id' does not exist on 'profiles'.">'.
src/routes/collabRequests.ts(743,29): error TS2339: Property 'id' does not exist on type 'SelectQueryError<"column 'username' does not exist on 'profiles'.">'.
src/routes/collabRequests.ts(774,82): error TS2339: Property 'id' does not exist on type 'SelectQueryError<"column 'username' does not exist on 'profiles'.">'.
src/routes/collabRequests.ts(798,40): error TS2339: Property 'id' does not exist on type 'SelectQueryError<"column 'id' does not exist on 'profiles'."> | SelectQueryError<"column 'id' does not exist on 'brands'."> | SelectQueryError<...> | ... 61 more ... | SelectQueryError<...>'.
  Property 'id' does not exist on type 'SelectQueryError<"column 'id' does not exist on 'profiles'.">'.
src/routes/collabRequests.ts(815,34): error TS2339: Property 'id' does not exist on type 'SelectQueryError<"column 'id' does not exist on 'profiles'."> | SelectQueryError<"column 'id' does not exist on 'brands'."> | SelectQueryError<...> | ... 61 more ... | SelectQueryError<...>'.
  Property 'id' does not exist on type 'SelectQueryError<"column 'id' does not exist on 'profiles'.">'.
src/routes/collabRequests.ts(824,15): error TS2769: No overload matches this call.
  Overload 1 of 2, '(relation: "profiles" | "brands" | "contracts" | "organizations" | "brand_deals" | "brand_reply_tokens" | "conversations" | "legal_notices" | "deal_details_tokens" | "cases" | "categories" | ... 53 more ... | "influencers"): PostgrestQueryBuilder<...>', gave the following error.
    Argument of type '"collab_link_events"' is not assignable to parameter of type '"profiles" | "brands" | "contracts" | "organizations" | "brand_deals" | "brand_reply_tokens" | "conversations" | "legal_notices" | "deal_details_tokens" | "cases" | "categories" | ... 53 more ... | "influencers"'.
  Overload 2 of 2, '(relation: "performance_metrics"): PostgrestQueryBuilder<{ PostgrestVersion: "13.0.5"; }, { Tables: { activity_log: { Row: { client_id: string; created_at: string; description: string; id: string; }; Insert: { client_id?: string; created_at?: string; description: string; id?: string; }; Update: { ...; }; Relationships: [...]; }; ... 63 more ...; influencers: { ...; }; }; Views: { ...; }; Functions: { ...; }; Enums: { ...; }; CompositeTypes: {}; }, { ...; }, "performance_metrics", []>', gave the following error.
    Argument of type '"collab_link_events"' is not assignable to parameter of type '"performance_metrics"'.
src/routes/collabRequests.ts(826,31): error TS2339: Property 'id' does not exist on type 'SelectQueryError<"column 'username' does not exist on 'profiles'.">'.
src/routes/collabRequests.ts(828,37): error TS2339: Property 'id' does not exist on type 'SelectQueryError<"column 'id' does not exist on 'profiles'."> | SelectQueryError<"column 'id' does not exist on 'brands'."> | SelectQueryError<...> | ... 61 more ... | SelectQueryError<...>'.
  Property 'id' does not exist on type 'SelectQueryError<"column 'id' does not exist on 'profiles'.">'.
src/routes/collabRequests.ts(844,40): error TS2339: Property 'id' does not exist on type 'SelectQueryError<"column 'id' does not exist on 'profiles'."> | SelectQueryError<"column 'id' does not exist on 'brands'."> | SelectQueryError<...> | ... 61 more ... | SelectQueryError<...>'.
  Property 'id' does not exist on type 'SelectQueryError<"column 'id' does not exist on 'profiles'.">'.
src/routes/collabRequests.ts(847,100): error TS2339: Property 'id' does not exist on type 'SelectQueryError<"column 'username' does not exist on 'profiles'.">'.
src/routes/collabRequests.ts(858,19): error TS2769: No overload matches this call.
  Overload 1 of 2, '(relation: "profiles" | "brands" | "contracts" | "organizations" | "brand_deals" | "brand_reply_tokens" | "conversations" | "legal_notices" | "deal_details_tokens" | "cases" | "categories" | ... 53 more ... | "influencers"): PostgrestQueryBuilder<...>', gave the following error.
    Argument of type '"collab_accept_tokens"' is not assignable to parameter of type '"profiles" | "brands" | "contracts" | "organizations" | "brand_deals" | "brand_reply_tokens" | "conversations" | "legal_notices" | "deal_details_tokens" | "cases" | "categories" | ... 53 more ... | "influencers"'.
  Overload 2 of 2, '(relation: "performance_metrics"): PostgrestQueryBuilder<{ PostgrestVersion: "13.0.5"; }, { Tables: { activity_log: { Row: { client_id: string; created_at: string; description: string; id: string; }; Insert: { client_id?: string; created_at?: string; description: string; id?: string; }; Update: { ...; }; Relationships: [...]; }; ... 63 more ...; influencers: { ...; }; }; Views: { ...; }; Functions: { ...; }; Enums: { ...; }; CompositeTypes: {}; }, { ...; }, "performance_metrics", []>', gave the following error.
    Argument of type '"collab_accept_tokens"' is not assignable to parameter of type '"performance_metrics"'.
src/routes/collabRequests.ts(861,48): error TS2339: Property 'id' does not exist on type 'SelectQueryError<"column 'id' does not exist on 'profiles'."> | SelectQueryError<"column 'id' does not exist on 'brands'."> | SelectQueryError<...> | ... 61 more ... | SelectQueryError<...>'.
  Property 'id' does not exist on type 'SelectQueryError<"column 'id' does not exist on 'profiles'.">'.
src/routes/collabRequests.ts(896,38): error TS2339: Property 'id' does not exist on type 'SelectQueryError<"column 'id' does not exist on 'profiles'."> | SelectQueryError<"column 'id' does not exist on 'brands'."> | SelectQueryError<...> | ... 61 more ... | SelectQueryError<...>'.
  Property 'id' does not exist on type 'SelectQueryError<"column 'id' does not exist on 'profiles'.">'.
src/routes/collabRequests.ts(916,34): error TS2339: Property 'id' does not exist on type 'SelectQueryError<"column 'username' does not exist on 'profiles'.">'.
src/routes/collabRequests.ts(922,52): error TS2339: Property 'id' does not exist on type 'SelectQueryError<"column 'id' does not exist on 'profiles'."> | SelectQueryError<"column 'id' does not exist on 'brands'."> | SelectQueryError<...> | ... 61 more ... | SelectQueryError<...>'.
  Property 'id' does not exist on type 'SelectQueryError<"column 'id' does not exist on 'profiles'.">'.
src/routes/collabRequests.ts(955,27): error TS2339: Property 'id' does not exist on type 'SelectQueryError<"column 'id' does not exist on 'profiles'."> | SelectQueryError<"column 'id' does not exist on 'brands'."> | SelectQueryError<...> | ... 61 more ... | SelectQueryError<...>'.
  Property 'id' does not exist on type 'SelectQueryError<"column 'id' does not exist on 'profiles'.">'.
src/routes/collabRequests.ts(956,35): error TS2339: Property 'brand_name' does not exist on type 'SelectQueryError<"column 'id' does not exist on 'profiles'."> | SelectQueryError<"column 'id' does not exist on 'brands'."> | SelectQueryError<...> | ... 61 more ... | SelectQueryError<...>'.
  Property 'brand_name' does not exist on type 'SelectQueryError<"column 'id' does not exist on 'profiles'.">'.
src/routes/collabRequests.ts(957,37): error TS2339: Property 'created_at' does not exist on type 'SelectQueryError<"column 'id' does not exist on 'profiles'."> | SelectQueryError<"column 'id' does not exist on 'brands'."> | SelectQueryError<...> | ... 61 more ... | SelectQueryError<...>'.
  Property 'created_at' does not exist on type 'SelectQueryError<"column 'id' does not exist on 'profiles'.">'.
src/routes/collabRequests.ts(982,17): error TS2589: Type instantiation is excessively deep and possibly infinite.
src/routes/collabRequests.ts(982,17): error TS2589: Type instantiation is excessively deep and possibly infinite.
src/routes/collabRequests.ts(983,13): error TS2769: No overload matches this call.
  Overload 1 of 2, '(relation: "profiles" | "brands" | "contracts" | "organizations" | "brand_deals" | "brand_reply_tokens" | "conversations" | "legal_notices" | "deal_details_tokens" | "cases" | "categories" | ... 53 more ... | "influencers"): PostgrestQueryBuilder<...>', gave the following error.
    Argument of type '"collab_requests"' is not assignable to parameter of type '"profiles" | "brands" | "contracts" | "organizations" | "brand_deals" | "brand_reply_tokens" | "conversations" | "legal_notices" | "deal_details_tokens" | "cases" | "categories" | ... 53 more ... | "influencers"'.
  Overload 2 of 2, '(relation: "performance_metrics"): PostgrestQueryBuilder<{ PostgrestVersion: "13.0.5"; }, { Tables: { activity_log: { Row: { client_id: string; created_at: string; description: string; id: string; }; Insert: { client_id?: string; created_at?: string; description: string; id?: string; }; Update: { ...; }; Relationships: [...]; }; ... 63 more ...; influencers: { ...; }; }; Views: { ...; }; Functions: { ...; }; Enums: { ...; }; CompositeTypes: {}; }, { ...; }, "performance_metrics", []>', gave the following error.
    Argument of type '"collab_requests"' is not assignable to parameter of type '"performance_metrics"'.
src/routes/collabRequests.ts(989,15): error TS2589: Type instantiation is excessively deep and possibly infinite.
src/routes/collabRequests.ts(1034,13): error TS2769: No overload matches this call.
  Overload 1 of 2, '(relation: "profiles" | "brands" | "contracts" | "organizations" | "brand_deals" | "brand_reply_tokens" | "conversations" | "legal_notices" | "deal_details_tokens" | "cases" | "categories" | ... 53 more ... | "influencers"): PostgrestQueryBuilder<...>', gave the following error.
    Argument of type '"collab_accept_tokens"' is not assignable to parameter of type '"profiles" | "brands" | "contracts" | "organizations" | "brand_deals" | "brand_reply_tokens" | "conversations" | "legal_notices" | "deal_details_tokens" | "cases" | "categories" | ... 53 more ... | "influencers"'.
  Overload 2 of 2, '(relation: "performance_metrics"): PostgrestQueryBuilder<{ PostgrestVersion: "13.0.5"; }, { Tables: { activity_log: { Row: { client_id: string; created_at: string; description: string; id: string; }; Insert: { client_id?: string; created_at?: string; description: string; id?: string; }; Update: { ...; }; Relationships: [...]; }; ... 63 more ...; influencers: { ...; }; }; Views: { ...; }; Functions: { ...; }; Enums: { ...; }; CompositeTypes: {}; }, { ...; }, "performance_metrics", []>', gave the following error.
    Argument of type '"collab_accept_tokens"' is not assignable to parameter of type '"performance_metrics"'.
src/routes/collabRequests.ts(1041,41): error TS2339: Property 'expires_at' does not exist on type 'SelectQueryError<"column 'id' does not exist on 'profiles'."> | SelectQueryError<"column 'id' does not exist on 'brands'."> | SelectQueryError<...> | ... 61 more ... | SelectQueryError<...>'.
  Property 'expires_at' does not exist on type 'SelectQueryError<"column 'id' does not exist on 'profiles'.">'.
src/routes/collabRequests.ts(1047,13): error TS2769: No overload matches this call.
  Overload 1 of 2, '(relation: "profiles" | "brands" | "contracts" | "organizations" | "brand_deals" | "brand_reply_tokens" | "conversations" | "legal_notices" | "deal_details_tokens" | "cases" | "categories" | ... 53 more ... | "influencers"): PostgrestQueryBuilder<...>', gave the following error.
    Argument of type '"collab_requests"' is not assignable to parameter of type '"profiles" | "brands" | "contracts" | "organizations" | "brand_deals" | "brand_reply_tokens" | "conversations" | "legal_notices" | "deal_details_tokens" | "cases" | "categories" | ... 53 more ... | "influencers"'.
  Overload 2 of 2, '(relation: "performance_metrics"): PostgrestQueryBuilder<{ PostgrestVersion: "13.0.5"; }, { Tables: { activity_log: { Row: { client_id: string; created_at: string; description: string; id: string; }; Insert: { client_id?: string; created_at?: string; description: string; id?: string; }; Update: { ...; }; Relationships: [...]; }; ... 63 more ...; influencers: { ...; }; }; Views: { ...; }; Functions: { ...; }; Enums: { ...; }; CompositeTypes: {}; }, { ...; }, "performance_metrics", []>', gave the following error.
    Argument of type '"collab_requests"' is not assignable to parameter of type '"performance_metrics"'.
src/routes/collabRequests.ts(1049,26): error TS2339: Property 'collab_request_id' does not exist on type 'SelectQueryError<"column 'id' does not exist on 'profiles'."> | SelectQueryError<"column 'id' does not exist on 'brands'."> | SelectQueryError<...> | ... 61 more ... | SelectQueryError<...>'.
  Property 'collab_request_id' does not exist on type 'SelectQueryError<"column 'id' does not exist on 'profiles'.">'.
src/routes/collabRequests.ts(1054,17): error TS2339: Property 'creator_id' does not exist on type 'ResultOne'.
src/routes/collabRequests.ts(1057,17): error TS2339: Property 'status' does not exist on type 'ResultOne'.
src/routes/collabRequests.ts(1061,24): error TS2339: Property 'id' does not exist on type 'ResultOne'.
src/routes/collabRequests.ts(1067,42): error TS2339: Property 'deliverables' does not exist on type 'ResultOne'.
src/routes/collabRequests.ts(1068,30): error TS2339: Property 'deliverables' does not exist on type 'ResultOne'.
src/routes/collabRequests.ts(1069,19): error TS2339: Property 'deliverables' does not exist on type 'ResultOne'.
src/routes/collabRequests.ts(1074,17): error TS2339: Property 'collab_type' does not exist on type 'ResultOne'.
src/routes/collabRequests.ts(1074,51): error TS2339: Property 'collab_type' does not exist on type 'ResultOne'.
src/routes/collabRequests.ts(1075,28): error TS2339: Property 'exact_budget' does not exist on type 'ResultOne'.
src/routes/collabRequests.ts(1077,30): error TS2339: Property 'collab_type' does not exist on type 'ResultOne'.
src/routes/collabRequests.ts(1081,27): error TS2339: Property 'brand_name' does not exist on type 'ResultOne'.
src/routes/collabRequests.ts(1082,28): error TS2339: Property 'brand_email' does not exist on type 'ResultOne'.
src/routes/collabRequests.ts(1085,25): error TS2339: Property 'deadline' does not exist on type 'ResultOne'.
src/routes/collabRequests.ts(1086,38): error TS2339: Property 'deadline' does not exist on type 'ResultOne'.
src/routes/collabRequests.ts(1091,30): error TS2339: Property 'brand_address' does not exist on type 'ResultOne'.
src/routes/collabRequests.ts(1092,28): error TS2339: Property 'brand_phone' does not exist on type 'ResultOne'.
src/routes/collabRequests.ts(1093,34): error TS2339: Property 'id' does not exist on type 'ResultOne'.
src/routes/collabRequests.ts(1106,26): error TS2339: Property 'brand_name' does not exist on type 'ResultOne'.
src/routes/collabRequests.ts(1107,22): error TS2339: Property 'brand_email' does not exist on type 'ResultOne'.
src/routes/collabRequests.ts(1108,22): error TS2339: Property 'brand_phone' does not exist on type 'ResultOne'.
src/routes/collabRequests.ts(1111,24): error TS2339: Property 'brand_address' does not exist on type 'ResultOne'.
src/routes/collabRequests.ts(1112,22): error TS2339: Property 'brand_gstin' does not exist on type 'ResultOne'.
src/routes/collabRequests.ts(1120,13): error TS2769: No overload matches this call.
  Overload 1 of 2, '(relation: "profiles" | "brands" | "contracts" | "organizations" | "brand_deals" | "brand_reply_tokens" | "conversations" | "legal_notices" | "deal_details_tokens" | "cases" | "categories" | ... 53 more ... | "influencers"): PostgrestQueryBuilder<...>', gave the following error.
    Argument of type '"collab_requests"' is not assignable to parameter of type '"profiles" | "brands" | "contracts" | "organizations" | "brand_deals" | "brand_reply_tokens" | "conversations" | "legal_notices" | "deal_details_tokens" | "cases" | "categories" | ... 53 more ... | "influencers"'.
  Overload 2 of 2, '(relation: "performance_metrics"): PostgrestQueryBuilder<{ PostgrestVersion: "13.0.5"; }, { Tables: { activity_log: { Row: { client_id: string; created_at: string; description: string; id: string; }; Insert: { client_id?: string; created_at?: string; description: string; id?: string; }; Update: { ...; }; Relationships: [...]; }; ... 63 more ...; influencers: { ...; }; }; Views: { ...; }; Functions: { ...; }; Enums: { ...; }; CompositeTypes: {}; }, { ...; }, "performance_metrics", []>', gave the following error.
    Argument of type '"collab_requests"' is not assignable to parameter of type '"performance_metrics"'.
src/routes/collabRequests.ts(1137,25): error TS2769: No overload matches this call.
  Overload 1 of 2, '(relation: "profiles" | "brands" | "contracts" | "organizations" | "brand_deals" | "brand_reply_tokens" | "conversations" | "legal_notices" | "deal_details_tokens" | "cases" | "categories" | ... 53 more ... | "influencers"): PostgrestQueryBuilder<...>', gave the following error.
    Argument of type '"collab_request_audit_log"' is not assignable to parameter of type '"profiles" | "brands" | "contracts" | "organizations" | "brand_deals" | "brand_reply_tokens" | "conversations" | "legal_notices" | "deal_details_tokens" | "cases" | "categories" | ... 53 more ... | "influencers"'.
  Overload 2 of 2, '(relation: "performance_metrics"): PostgrestQueryBuilder<{ PostgrestVersion: "13.0.5"; }, { Tables: { activity_log: { Row: { client_id: string; created_at: string; description: string; id: string; }; Insert: { client_id?: string; created_at?: string; description: string; id?: string; }; Update: { ...; }; Relationships: [...]; }; ... 63 more ...; influencers: { ...; }; }; Views: { ...; }; Functions: { ...; }; Enums: { ...; }; CompositeTypes: {}; }, { ...; }, "performance_metrics", []>', gave the following error.
    Argument of type '"collab_request_audit_log"' is not assignable to parameter of type '"performance_metrics"'.
src/routes/collabRequests.ts(1138,7): error TS2769: No overload matches this call.
  Overload 1 of 2, '(values: { client_id?: string; created_at?: string; description: string; id?: string; } | { action_type: string; created_at?: string; description?: string; id?: string; ip_address?: string; is_security_event?: boolean; ... 6 more ...; user_id?: string; } | ... 62 more ... | { ...; }, options?: { ...; }): PostgrestFilterBuilder<...>', gave the following error.
    Object literal may only specify known properties, and 'collab_request_id' does not exist in type '{ client_id?: string; created_at?: string; description: string; id?: string; } | { action_type: string; created_at?: string; description?: string; id?: string; ip_address?: string; is_security_event?: boolean; ... 6 more ...; user_id?: string; } | ... 62 more ... | { ...; }'.
  Overload 2 of 2, '(values: ({ client_id?: string; created_at?: string; description: string; id?: string; } | { action_type: string; created_at?: string; description?: string; id?: string; ip_address?: string; is_security_event?: boolean; ... 6 more ...; user_id?: string; } | ... 62 more ... | { ...; })[], options?: { ...; }): PostgrestFilterBuilder<...>', gave the following error.
    Object literal may only specify known properties, and 'collab_request_id' does not exist in type '({ client_id?: string; created_at?: string; description: string; id?: string; } | { action_type: string; created_at?: string; description?: string; id?: string; ip_address?: string; is_security_event?: boolean; ... 6 more ...; user_id?: string; } | ... 62 more ... | { ...; })[]'.
src/routes/collabRequests.ts(1146,30): error TS2339: Property 'collab_type' does not exist on type 'ResultOne'.
src/routes/collabRequests.ts(1180,31): error TS2339: Property 'first_name' does not exist on type 'SelectQueryError<"column 'email' does not exist on 'profiles'.">'.
src/routes/collabRequests.ts(1180,66): error TS2339: Property 'last_name' does not exist on type 'SelectQueryError<"column 'email' does not exist on 'profiles'.">'.
src/routes/collabRequests.ts(1182,46): error TS2339: Property 'email' does not exist on type 'SelectQueryError<"column 'email' does not exist on 'profiles'.">'.
src/routes/collabRequests.ts(1183,48): error TS2339: Property 'location' does not exist on type 'SelectQueryError<"column 'email' does not exist on 'profiles'.">'.
src/routes/collabRequests.ts(1183,76): error TS2339: Property 'address' does not exist on type 'SelectQueryError<"column 'email' does not exist on 'profiles'.">'.
src/routes/collabRequests.ts(1185,21): error TS2339: Property 'collab_type' does not exist on type 'ResultOne'.
src/routes/collabRequests.ts(1185,55): error TS2339: Property 'collab_type' does not exist on type 'ResultOne'.
src/routes/collabRequests.ts(1186,57): error TS2339: Property 'deadline' does not exist on type 'ResultOne'.
src/routes/collabRequests.ts(1186,85): error TS2339: Property 'deadline' does not exist on type 'ResultOne'.
src/routes/collabRequests.ts(1191,38): error TS2339: Property 'deadline' does not exist on type 'ResultOne'.
src/routes/collabRequests.ts(1193,34): error TS2339: Property 'usage_rights' does not exist on type 'ResultOne'.
src/routes/collabRequests.ts(1199,30): error TS2339: Property 'brand_name' does not exist on type 'ResultOne'.
src/routes/collabRequests.ts(1205,28): error TS2339: Property 'deadline' does not exist on type 'ResultOne'.
src/routes/collabRequests.ts(1205,56): error TS2339: Property 'deadline' does not exist on type 'ResultOne'.
src/routes/collabRequests.ts(1206,40): error TS2339: Property 'deadline' does not exist on type 'ResultOne'.
src/routes/collabRequests.ts(1206,68): error TS2339: Property 'deadline' does not exist on type 'ResultOne'.
src/routes/collabRequests.ts(1208,31): error TS2339: Property 'brand_email' does not exist on type 'ResultOne'.
src/routes/collabRequests.ts(1209,33): error TS2339: Property 'brand_address' does not exist on type 'ResultOne'.
src/routes/collabRequests.ts(1210,31): error TS2339: Property 'brand_gstin' does not exist on type 'ResultOne'.
src/routes/collabRequests.ts(1212,11): error TS2322: Type '{ deal_amount: number; deliverables: string[]; delivery_deadline: any; payment: { method: string; timeline: string; }; usage: { type: string; platforms: string[]; duration: string; paid_ads: boolean; whitelisting: boolean; }; exclusivity: { ...; }; termination: { ...; }; jurisdiction_city: string; }' is not assignable to type 'DealSchema'.
  The types of 'usage.type' are incompatible between these types.
    Type 'string' is not assignable to type '"Exclusive" | "Non-exclusive"'.
src/routes/collabRequests.ts(1213,30): error TS2339: Property 'usage_rights' does not exist on type 'ResultOne'.
src/routes/collabRequests.ts(1223,36): error TS2339: Property 'collab_type' does not exist on type 'ResultOne'.
src/routes/collabRequests.ts(1223,72): error TS2339: Property 'barter_description' does not exist on type 'ResultOne'.
src/routes/collabRequests.ts(1223,126): error TS2339: Property 'barter_description' does not exist on type 'ResultOne'.
src/routes/collabRequests.ts(1245,21): error TS2339: Property 'brand_email' does not exist on type 'ResultOne'.
src/routes/collabRequests.ts(1249,50): error TS2339: Property 'brand_email' does not exist on type 'ResultOne'.
src/routes/collabRequests.ts(1251,32): error TS2339: Property 'brand_name' does not exist on type 'ResultOne'.
src/routes/collabRequests.ts(1253,31): error TS2339: Property 'collab_type' does not exist on type 'ResultOne'.
src/routes/collabRequests.ts(1257,34): error TS2339: Property 'barter_value' does not exist on type 'ResultOne'.
src/routes/collabRequests.ts(1288,13): error TS2769: No overload matches this call.
  Overload 1 of 2, '(relation: "profiles" | "brands" | "contracts" | "organizations" | "brand_deals" | "brand_reply_tokens" | "conversations" | "legal_notices" | "deal_details_tokens" | "cases" | "categories" | ... 53 more ... | "influencers"): PostgrestQueryBuilder<...>', gave the following error.
    Argument of type '"collab_requests"' is not assignable to parameter of type '"profiles" | "brands" | "contracts" | "organizations" | "brand_deals" | "brand_reply_tokens" | "conversations" | "legal_notices" | "deal_details_tokens" | "cases" | "categories" | ... 53 more ... | "influencers"'.
  Overload 2 of 2, '(relation: "performance_metrics"): PostgrestQueryBuilder<{ PostgrestVersion: "13.0.5"; }, { Tables: { activity_log: { Row: { client_id: string; created_at: string; description: string; id: string; }; Insert: { client_id?: string; created_at?: string; description: string; id?: string; }; Update: { ...; }; Relationships: [...]; }; ... 63 more ...; influencers: { ...; }; }; Views: { ...; }; Functions: { ...; }; Enums: { ...; }; CompositeTypes: {}; }, { ...; }, "performance_metrics", []>', gave the following error.
    Argument of type '"collab_requests"' is not assignable to parameter of type '"performance_metrics"'.
src/routes/collabRequests.ts(1301,17): error TS2339: Property 'status' does not exist on type 'ResultOne'.
src/routes/collabRequests.ts(1311,42): error TS2339: Property 'deliverables' does not exist on type 'ResultOne'.
src/routes/collabRequests.ts(1312,30): error TS2339: Property 'deliverables' does not exist on type 'ResultOne'.
src/routes/collabRequests.ts(1313,19): error TS2339: Property 'deliverables' does not exist on type 'ResultOne'.
src/routes/collabRequests.ts(1320,17): error TS2339: Property 'collab_type' does not exist on type 'ResultOne'.
src/routes/collabRequests.ts(1320,51): error TS2339: Property 'collab_type' does not exist on type 'ResultOne'.
src/routes/collabRequests.ts(1321,28): error TS2339: Property 'exact_budget' does not exist on type 'ResultOne'.
src/routes/collabRequests.ts(1324,30): error TS2339: Property 'collab_type' does not exist on type 'ResultOne'.
src/routes/collabRequests.ts(1329,27): error TS2339: Property 'brand_name' does not exist on type 'ResultOne'.
src/routes/collabRequests.ts(1330,28): error TS2339: Property 'brand_email' does not exist on type 'ResultOne'.
src/routes/collabRequests.ts(1333,25): error TS2339: Property 'deadline' does not exist on type 'ResultOne'.
src/routes/collabRequests.ts(1334,38): error TS2339: Property 'deadline' does not exist on type 'ResultOne'.
src/routes/collabRequests.ts(1339,30): error TS2339: Property 'brand_address' does not exist on type 'ResultOne'.
src/routes/collabRequests.ts(1340,28): error TS2339: Property 'brand_phone' does not exist on type 'ResultOne'.
src/routes/collabRequests.ts(1341,34): error TS2339: Property 'id' does not exist on type 'ResultOne'.
src/routes/collabRequests.ts(1360,26): error TS2339: Property 'brand_name' does not exist on type 'ResultOne'.
src/routes/collabRequests.ts(1361,22): error TS2339: Property 'brand_email' does not exist on type 'ResultOne'.
src/routes/collabRequests.ts(1362,22): error TS2339: Property 'brand_phone' does not exist on type 'ResultOne'.
src/routes/collabRequests.ts(1365,24): error TS2339: Property 'brand_address' does not exist on type 'ResultOne'.
src/routes/collabRequests.ts(1366,22): error TS2339: Property 'brand_gstin' does not exist on type 'ResultOne'.
src/routes/collabRequests.ts(1378,13): error TS2769: No overload matches this call.
  Overload 1 of 2, '(relation: "profiles" | "brands" | "contracts" | "organizations" | "brand_deals" | "brand_reply_tokens" | "conversations" | "legal_notices" | "deal_details_tokens" | "cases" | "categories" | ... 53 more ... | "influencers"): PostgrestQueryBuilder<...>', gave the following error.
    Argument of type '"collab_requests"' is not assignable to parameter of type '"profiles" | "brands" | "contracts" | "organizations" | "brand_deals" | "brand_reply_tokens" | "conversations" | "legal_notices" | "deal_details_tokens" | "cases" | "categories" | ... 53 more ... | "influencers"'.
  Overload 2 of 2, '(relation: "performance_metrics"): PostgrestQueryBuilder<{ PostgrestVersion: "13.0.5"; }, { Tables: { activity_log: { Row: { client_id: string; created_at: string; description: string; id: string; }; Insert: { client_id?: string; created_at?: string; description: string; id?: string; }; Update: { ...; }; Relationships: [...]; }; ... 63 more ...; influencers: { ...; }; }; Views: { ...; }; Functions: { ...; }; Enums: { ...; }; CompositeTypes: {}; }, { ...; }, "performance_metrics", []>', gave the following error.
    Argument of type '"collab_requests"' is not assignable to parameter of type '"performance_metrics"'.
src/routes/collabRequests.ts(1395,25): error TS2769: No overload matches this call.
  Overload 1 of 2, '(relation: "profiles" | "brands" | "contracts" | "organizations" | "brand_deals" | "brand_reply_tokens" | "conversations" | "legal_notices" | "deal_details_tokens" | "cases" | "categories" | ... 53 more ... | "influencers"): PostgrestQueryBuilder<...>', gave the following error.
    Argument of type '"collab_request_audit_log"' is not assignable to parameter of type '"profiles" | "brands" | "contracts" | "organizations" | "brand_deals" | "brand_reply_tokens" | "conversations" | "legal_notices" | "deal_details_tokens" | "cases" | "categories" | ... 53 more ... | "influencers"'.
  Overload 2 of 2, '(relation: "performance_metrics"): PostgrestQueryBuilder<{ PostgrestVersion: "13.0.5"; }, { Tables: { activity_log: { Row: { client_id: string; created_at: string; description: string; id: string; }; Insert: { client_id?: string; created_at?: string; description: string; id?: string; }; Update: { ...; }; Relationships: [...]; }; ... 63 more ...; influencers: { ...; }; }; Views: { ...; }; Functions: { ...; }; Enums: { ...; }; CompositeTypes: {}; }, { ...; }, "performance_metrics", []>', gave the following error.
    Argument of type '"collab_request_audit_log"' is not assignable to parameter of type '"performance_metrics"'.
src/routes/collabRequests.ts(1396,7): error TS2769: No overload matches this call.
  Overload 1 of 2, '(values: { client_id?: string; created_at?: string; description: string; id?: string; } | { action_type: string; created_at?: string; description?: string; id?: string; ip_address?: string; is_security_event?: boolean; ... 6 more ...; user_id?: string; } | ... 62 more ... | { ...; }, options?: { ...; }): PostgrestFilterBuilder<...>', gave the following error.
    Object literal may only specify known properties, and 'collab_request_id' does not exist in type '{ client_id?: string; created_at?: string; description: string; id?: string; } | { action_type: string; created_at?: string; description?: string; id?: string; ip_address?: string; is_security_event?: boolean; ... 6 more ...; user_id?: string; } | ... 62 more ... | { ...; }'.
  Overload 2 of 2, '(values: ({ client_id?: string; created_at?: string; description: string; id?: string; } | { action_type: string; created_at?: string; description?: string; id?: string; ip_address?: string; is_security_event?: boolean; ... 6 more ...; user_id?: string; } | ... 62 more ... | { ...; })[], options?: { ...; }): PostgrestFilterBuilder<...>', gave the following error.
    Object literal may only specify known properties, and 'collab_request_id' does not exist in type '({ client_id?: string; created_at?: string; description: string; id?: string; } | { action_type: string; created_at?: string; description?: string; id?: string; ip_address?: string; is_security_event?: boolean; ... 6 more ...; user_id?: string; } | ... 62 more ... | { ...; })[]'.
src/routes/collabRequests.ts(1404,30): error TS2339: Property 'collab_type' does not exist on type 'ResultOne'.
src/routes/collabRequests.ts(1464,31): error TS2339: Property 'first_name' does not exist on type 'SelectQueryError<"column 'email' does not exist on 'profiles'.">'.
src/routes/collabRequests.ts(1464,66): error TS2339: Property 'last_name' does not exist on type 'SelectQueryError<"column 'email' does not exist on 'profiles'.">'.
src/routes/collabRequests.ts(1467,46): error TS2339: Property 'email' does not exist on type 'SelectQueryError<"column 'email' does not exist on 'profiles'.">'.
src/routes/collabRequests.ts(1468,48): error TS2339: Property 'location' does not exist on type 'SelectQueryError<"column 'email' does not exist on 'profiles'.">'.
src/routes/collabRequests.ts(1468,76): error TS2339: Property 'address' does not exist on type 'SelectQueryError<"column 'email' does not exist on 'profiles'.">'.
src/routes/collabRequests.ts(1472,21): error TS2339: Property 'collab_type' does not exist on type 'ResultOne'.
src/routes/collabRequests.ts(1472,55): error TS2339: Property 'collab_type' does not exist on type 'ResultOne'.
src/routes/collabRequests.ts(1473,39): error TS2339: Property 'deadline' does not exist on type 'ResultOne'.
src/routes/collabRequests.ts(1474,32): error TS2339: Property 'deadline' does not exist on type 'ResultOne'.
src/routes/collabRequests.ts(1483,38): error TS2339: Property 'deadline' does not exist on type 'ResultOne'.
src/routes/collabRequests.ts(1489,27): error TS2339: Property 'usage_rights' does not exist on type 'ResultOne'.
src/routes/collabRequests.ts(1508,30): error TS2339: Property 'brand_name' does not exist on type 'ResultOne'.
src/routes/collabRequests.ts(1514,28): error TS2339: Property 'deadline' does not exist on type 'ResultOne'.
src/routes/collabRequests.ts(1515,32): error TS2339: Property 'deadline' does not exist on type 'ResultOne'.
src/routes/collabRequests.ts(1517,40): error TS2339: Property 'deadline' does not exist on type 'ResultOne'.
src/routes/collabRequests.ts(1518,32): error TS2339: Property 'deadline' does not exist on type 'ResultOne'.
src/routes/collabRequests.ts(1521,31): error TS2339: Property 'brand_email' does not exist on type 'ResultOne'.
src/routes/collabRequests.ts(1522,33): error TS2339: Property 'brand_address' does not exist on type 'ResultOne'.
src/routes/collabRequests.ts(1523,31): error TS2339: Property 'brand_gstin' does not exist on type 'ResultOne'.
src/routes/collabRequests.ts(1525,11): error TS2322: Type '{ deal_amount: number; deliverables: string[]; delivery_deadline: any; payment: { method: string; timeline: string; }; usage: { type: string; platforms: string[]; duration: string; paid_ads: boolean; whitelisting: boolean; }; exclusivity: { ...; }; termination: { ...; }; jurisdiction_city: string; }' is not assignable to type 'DealSchema'.
  The types of 'usage.type' are incompatible between these types.
    Type 'string' is not assignable to type '"Exclusive" | "Non-exclusive"'.
src/routes/collabRequests.ts(1526,30): error TS2339: Property 'usage_rights' does not exist on type 'ResultOne'.
src/routes/collabRequests.ts(1536,36): error TS2339: Property 'collab_type' does not exist on type 'ResultOne'.
src/routes/collabRequests.ts(1536,72): error TS2339: Property 'barter_description' does not exist on type 'ResultOne'.
src/routes/collabRequests.ts(1537,48): error TS2339: Property 'barter_description' does not exist on type 'ResultOne'.
src/routes/collabRequests.ts(1593,23): error TS2339: Property 'brand_email' does not exist on type 'ResultOne'.
src/routes/collabRequests.ts(1594,52): error TS2339: Property 'brand_email' does not exist on type 'ResultOne'.
src/routes/collabRequests.ts(1596,34): error TS2339: Property 'brand_name' does not exist on type 'ResultOne'.
src/routes/collabRequests.ts(1598,33): error TS2339: Property 'collab_type' does not exist on type 'ResultOne'.
src/routes/collabRequests.ts(1612,21): error TS2339: Property 'brand_name' does not exist on type 'ResultOne'.
src/routes/collabRequests.ts(1671,13): error TS2769: No overload matches this call.
  Overload 1 of 2, '(relation: "profiles" | "brands" | "contracts" | "organizations" | "brand_deals" | "brand_reply_tokens" | "conversations" | "legal_notices" | "deal_details_tokens" | "cases" | "categories" | ... 53 more ... | "influencers"): PostgrestQueryBuilder<...>', gave the following error.
    Argument of type '"collab_requests"' is not assignable to parameter of type '"profiles" | "brands" | "contracts" | "organizations" | "brand_deals" | "brand_reply_tokens" | "conversations" | "legal_notices" | "deal_details_tokens" | "cases" | "categories" | ... 53 more ... | "influencers"'.
  Overload 2 of 2, '(relation: "performance_metrics"): PostgrestQueryBuilder<{ PostgrestVersion: "13.0.5"; }, { Tables: { activity_log: { Row: { client_id: string; created_at: string; description: string; id: string; }; Insert: { client_id?: string; created_at?: string; description: string; id?: string; }; Update: { ...; }; Relationships: [...]; }; ... 63 more ...; influencers: { ...; }; }; Views: { ...; }; Functions: { ...; }; Enums: { ...; }; CompositeTypes: {}; }, { ...; }, "performance_metrics", []>', gave the following error.
    Argument of type '"collab_requests"' is not assignable to parameter of type '"performance_metrics"'.
src/routes/collabRequests.ts(1684,17): error TS2339: Property 'status' does not exist on type 'ResultOne'.
src/routes/collabRequests.ts(1702,13): error TS2769: No overload matches this call.
  Overload 1 of 2, '(relation: "profiles" | "brands" | "contracts" | "organizations" | "brand_deals" | "brand_reply_tokens" | "conversations" | "legal_notices" | "deal_details_tokens" | "cases" | "categories" | ... 53 more ... | "influencers"): PostgrestQueryBuilder<...>', gave the following error.
    Argument of type '"collab_requests"' is not assignable to parameter of type '"profiles" | "brands" | "contracts" | "organizations" | "brand_deals" | "brand_reply_tokens" | "conversations" | "legal_notices" | "deal_details_tokens" | "cases" | "categories" | ... 53 more ... | "influencers"'.
  Overload 2 of 2, '(relation: "performance_metrics"): PostgrestQueryBuilder<{ PostgrestVersion: "13.0.5"; }, { Tables: { activity_log: { Row: { client_id: string; created_at: string; description: string; id: string; }; Insert: { client_id?: string; created_at?: string; description: string; id?: string; }; Update: { ...; }; Relationships: [...]; }; ... 63 more ...; influencers: { ...; }; }; Views: { ...; }; Functions: { ...; }; Enums: { ...; }; CompositeTypes: {}; }, { ...; }, "performance_metrics", []>', gave the following error.
    Argument of type '"collab_requests"' is not assignable to parameter of type '"performance_metrics"'.
src/routes/collabRequests.ts(1719,17): error TS2339: Property 'brand_email' does not exist on type 'ResultOne'.
src/routes/collabRequests.ts(1731,45): error TS2339: Property 'brand_email' does not exist on type 'ResultOne'.
src/routes/collabRequests.ts(1733,28): error TS2339: Property 'brand_name' does not exist on type 'ResultOne'.
src/routes/collabRequests.ts(1734,33): error TS2339: Property 'exact_budget' does not exist on type 'ResultOne'.
src/routes/collabRequests.ts(1734,57): error TS2339: Property 'barter_value' does not exist on type 'ResultOne'.
src/routes/collabRequests.ts(1768,13): error TS2769: No overload matches this call.
  Overload 1 of 2, '(relation: "profiles" | "brands" | "contracts" | "organizations" | "brand_deals" | "brand_reply_tokens" | "conversations" | "legal_notices" | "deal_details_tokens" | "cases" | "categories" | ... 53 more ... | "influencers"): PostgrestQueryBuilder<...>', gave the following error.
    Argument of type '"collab_requests"' is not assignable to parameter of type '"profiles" | "brands" | "contracts" | "organizations" | "brand_deals" | "brand_reply_tokens" | "conversations" | "legal_notices" | "deal_details_tokens" | "cases" | "categories" | ... 53 more ... | "influencers"'.
  Overload 2 of 2, '(relation: "performance_metrics"): PostgrestQueryBuilder<{ PostgrestVersion: "13.0.5"; }, { Tables: { activity_log: { Row: { client_id: string; created_at: string; description: string; id: string; }; Insert: { client_id?: string; created_at?: string; description: string; id?: string; }; Update: { ...; }; Relationships: [...]; }; ... 63 more ...; influencers: { ...; }; }; Views: { ...; }; Functions: { ...; }; Enums: { ...; }; CompositeTypes: {}; }, { ...; }, "performance_metrics", []>', gave the following error.
    Argument of type '"collab_requests"' is not assignable to parameter of type '"performance_metrics"'.
src/routes/collabRequests.ts(1781,17): error TS2339: Property 'status' does not exist on type 'ResultOne'.
src/routes/collabRequests.ts(1790,13): error TS2769: No overload matches this call.
  Overload 1 of 2, '(relation: "profiles" | "brands" | "contracts" | "organizations" | "brand_deals" | "brand_reply_tokens" | "conversations" | "legal_notices" | "deal_details_tokens" | "cases" | "categories" | ... 53 more ... | "influencers"): PostgrestQueryBuilder<...>', gave the following error.
    Argument of type '"collab_requests"' is not assignable to parameter of type '"profiles" | "brands" | "contracts" | "organizations" | "brand_deals" | "brand_reply_tokens" | "conversations" | "legal_notices" | "deal_details_tokens" | "cases" | "categories" | ... 53 more ... | "influencers"'.
  Overload 2 of 2, '(relation: "performance_metrics"): PostgrestQueryBuilder<{ PostgrestVersion: "13.0.5"; }, { Tables: { activity_log: { Row: { client_id: string; created_at: string; description: string; id: string; }; Insert: { client_id?: string; created_at?: string; description: string; id?: string; }; Update: { ...; }; Relationships: [...]; }; ... 63 more ...; influencers: { ...; }; }; Views: { ...; }; Functions: { ...; }; Enums: { ...; }; CompositeTypes: {}; }, { ...; }, "performance_metrics", []>', gave the following error.
    Argument of type '"collab_requests"' is not assignable to parameter of type '"performance_metrics"'.
src/routes/collabRequests.ts(1806,17): error TS2339: Property 'brand_email' does not exist on type 'ResultOne'.
src/routes/collabRequests.ts(1815,29): error TS2339: Property 'first_name' does not exist on type 'SelectQueryError<"column 'username' does not exist on 'profiles'.">'.
src/routes/collabRequests.ts(1815,64): error TS2339: Property 'last_name' does not exist on type 'SelectQueryError<"column 'username' does not exist on 'profiles'.">'.
src/routes/collabRequests.ts(1818,47): error TS2339: Property 'username' does not exist on type 'SelectQueryError<"column 'username' does not exist on 'profiles'.">'.
src/routes/collabRequests.ts(1820,46): error TS2339: Property 'brand_email' does not exist on type 'ResultOne'.
src/routes/collabRequests.ts(1822,28): error TS2339: Property 'brand_name' does not exist on type 'ResultOne'.
src/routes/complaints.ts(181,48): error TS2339: Property 'id' does not exist on type 'SelectQueryError<"column 'email' does not exist on 'profiles'.">'.
src/routes/complaints.ts(195,29): error TS2339: Property 'id' does not exist on type 'SelectQueryError<"column 'email' does not exist on 'profiles'.">'.
src/routes/complaints.ts(221,47): error TS2339: Property 'id' does not exist on type 'SelectQueryError<"column 'email' does not exist on 'profiles'.">'.
src/routes/complaints.ts(338,48): error TS2339: Property 'id' does not exist on type 'SelectQueryError<"column 'email' does not exist on 'profiles'.">'.
src/routes/complaints.ts(352,29): error TS2339: Property 'id' does not exist on type 'SelectQueryError<"column 'email' does not exist on 'profiles'.">'.
src/routes/complaints.ts(378,47): error TS2339: Property 'id' does not exist on type 'SelectQueryError<"column 'email' does not exist on 'profiles'.">'.
src/routes/contractReadyTokens.ts(369,32): error TS2339: Property 'first_name' does not exist on type 'SelectQueryError<"column 'address' does not exist on 'profiles'.">'.
src/routes/contractReadyTokens.ts(369,61): error TS2339: Property 'last_name' does not exist on type 'SelectQueryError<"column 'address' does not exist on 'profiles'.">'.
src/routes/contractReadyTokens.ts(370,47): error TS2339: Property 'first_name' does not exist on type 'SelectQueryError<"column 'address' does not exist on 'profiles'.">'.
src/routes/contractReadyTokens.ts(370,76): error TS2339: Property 'last_name' does not exist on type 'SelectQueryError<"column 'address' does not exist on 'profiles'.">'.
src/routes/contractReadyTokens.ts(371,39): error TS2339: Property 'first_name' does not exist on type 'SelectQueryError<"column 'address' does not exist on 'profiles'.">'.
src/routes/contractReadyTokens.ts(372,44): error TS2339: Property 'first_name' does not exist on type 'SelectQueryError<"column 'address' does not exist on 'profiles'.">'.
src/routes/contractReadyTokens.ts(373,39): error TS2339: Property 'last_name' does not exist on type 'SelectQueryError<"column 'address' does not exist on 'profiles'.">'.
src/routes/contractReadyTokens.ts(374,44): error TS2339: Property 'last_name' does not exist on type 'SelectQueryError<"column 'address' does not exist on 'profiles'.">'.
src/routes/contractReadyTokens.ts(473,41): error TS2345: Argument of type 'import("/Users/pratyushraj/Documents/noticebazaar/server/src/services/contractSigningService").SignatureRecord' is not assignable to parameter of type 'import("/Users/pratyushraj/Documents/noticebazaar/server/src/routes/contractSignedEmailService").SignatureRecord'.
  Property 'signed_at' is optional in type 'SignatureRecord' but required in type 'SignatureRecord'.
src/routes/contractReadyTokens.ts(552,15): error TS2769: No overload matches this call.
  Overload 1 of 2, '(relation: "profiles" | "brands" | "contracts" | "organizations" | "brand_deals" | "brand_reply_tokens" | "conversations" | "legal_notices" | "deal_details_tokens" | "cases" | "categories" | ... 53 more ... | "influencers"): PostgrestQueryBuilder<...>', gave the following error.
    Argument of type '"analytics_events"' is not assignable to parameter of type '"profiles" | "brands" | "contracts" | "organizations" | "brand_deals" | "brand_reply_tokens" | "conversations" | "legal_notices" | "deal_details_tokens" | "cases" | "categories" | ... 53 more ... | "influencers"'.
  Overload 2 of 2, '(relation: "performance_metrics"): PostgrestQueryBuilder<{ PostgrestVersion: "13.0.5"; }, { Tables: { activity_log: { Row: { client_id: string; created_at: string; description: string; id: string; }; Insert: { client_id?: string; created_at?: string; description: string; id?: string; }; Update: { ...; }; Relationships: [...]; }; ... 63 more ...; influencers: { ...; }; }; Views: { ...; }; Functions: { ...; }; Enums: { ...; }; CompositeTypes: {}; }, { ...; }, "performance_metrics", []>', gave the following error.
    Argument of type '"analytics_events"' is not assignable to parameter of type '"performance_metrics"'.
src/routes/creators.ts(44,15): error TS2589: Type instantiation is excessively deep and possibly infinite.
src/routes/creators.ts(61,19): error TS2339: Property 'instagram_handle' does not exist on type 'SelectQueryError<"column 'username' does not exist on 'profiles'.">'.
src/routes/creators.ts(64,27): error TS2339: Property 'instagram_handle' does not exist on type 'SelectQueryError<"column 'username' does not exist on 'profiles'.">'.
src/routes/creators.ts(65,30): error TS2339: Property 'instagram_followers' does not exist on type 'SelectQueryError<"column 'username' does not exist on 'profiles'.">'.
src/routes/creators.ts(68,19): error TS2339: Property 'youtube_channel_id' does not exist on type 'SelectQueryError<"column 'username' does not exist on 'profiles'.">'.
src/routes/creators.ts(71,27): error TS2339: Property 'youtube_channel_id' does not exist on type 'SelectQueryError<"column 'username' does not exist on 'profiles'.">'.
src/routes/creators.ts(72,30): error TS2339: Property 'youtube_subs' does not exist on type 'SelectQueryError<"column 'username' does not exist on 'profiles'.">'.
src/routes/creators.ts(75,19): error TS2339: Property 'tiktok_handle' does not exist on type 'SelectQueryError<"column 'username' does not exist on 'profiles'.">'.
src/routes/creators.ts(78,27): error TS2339: Property 'tiktok_handle' does not exist on type 'SelectQueryError<"column 'username' does not exist on 'profiles'.">'.
src/routes/creators.ts(79,30): error TS2339: Property 'tiktok_followers' does not exist on type 'SelectQueryError<"column 'username' does not exist on 'profiles'.">'.
src/routes/creators.ts(82,19): error TS2339: Property 'twitter_handle' does not exist on type 'SelectQueryError<"column 'username' does not exist on 'profiles'.">'.
src/routes/creators.ts(85,27): error TS2339: Property 'twitter_handle' does not exist on type 'SelectQueryError<"column 'username' does not exist on 'profiles'.">'.
src/routes/creators.ts(86,30): error TS2339: Property 'twitter_followers' does not exist on type 'SelectQueryError<"column 'username' does not exist on 'profiles'.">'.
src/routes/creators.ts(89,19): error TS2339: Property 'facebook_profile_url' does not exist on type 'SelectQueryError<"column 'username' does not exist on 'profiles'.">'.
src/routes/creators.ts(92,27): error TS2339: Property 'facebook_profile_url' does not exist on type 'SelectQueryError<"column 'username' does not exist on 'profiles'.">'.
src/routes/creators.ts(93,30): error TS2339: Property 'facebook_followers' does not exist on type 'SelectQueryError<"column 'username' does not exist on 'profiles'.">'.
src/routes/creators.ts(97,35): error TS2339: Property 'business_name' does not exist on type 'SelectQueryError<"column 'username' does not exist on 'profiles'.">'.
src/routes/creators.ts(98,20): error TS2339: Property 'first_name' does not exist on type 'SelectQueryError<"column 'username' does not exist on 'profiles'.">'.
src/routes/creators.ts(98,48): error TS2339: Property 'last_name' does not exist on type 'SelectQueryError<"column 'username' does not exist on 'profiles'.">'.
src/routes/creators.ts(102,21): error TS2339: Property 'id' does not exist on type 'SelectQueryError<"column 'username' does not exist on 'profiles'.">'.
src/routes/creators.ts(103,27): error TS2339: Property 'username' does not exist on type 'SelectQueryError<"column 'username' does not exist on 'profiles'.">'.
src/routes/creators.ts(105,27): error TS2339: Property 'creator_category' does not exist on type 'SelectQueryError<"column 'username' does not exist on 'profiles'.">'.
src/routes/creators.ts(106,22): error TS2339: Property 'bio' does not exist on type 'SelectQueryError<"column 'username' does not exist on 'profiles'.">'.
src/routes/creators.ts(146,43): error TS2339: Property 'creator_category' does not exist on type 'SelectQueryError<"column 'creator_category' does not exist on 'profiles'.">'.
src/routes/esign.ts(105,43): error TS2339: Property 'first_name' does not exist on type 'SelectQueryError<"column 'email' does not exist on 'profiles'.">'.
src/routes/esign.ts(105,78): error TS2339: Property 'last_name' does not exist on type 'SelectQueryError<"column 'email' does not exist on 'profiles'.">'.
src/routes/esign.ts(108,64): error TS2339: Property 'phone' does not exist on type 'SelectQueryError<"column 'email' does not exist on 'profiles'.">'.
src/routes/esign.ts(109,64): error TS2339: Property 'email' does not exist on type 'SelectQueryError<"column 'email' does not exist on 'profiles'.">'.
src/routes/esign.ts(262,52): error TS2589: Type instantiation is excessively deep and possibly infinite.
src/routes/esign.ts(360,40): error TS2554: Expected 1 arguments, but got 2.
src/routes/otp.ts(76,15): error TS2769: No overload matches this call.
  Overload 1 of 2, '(relation: "profiles" | "brands" | "contracts" | "organizations" | "brand_deals" | "brand_reply_tokens" | "conversations" | "legal_notices" | "deal_details_tokens" | "cases" | "categories" | ... 53 more ... | "influencers"): PostgrestQueryBuilder<...>', gave the following error.
    Argument of type '"contract_ready_tokens"' is not assignable to parameter of type '"profiles" | "brands" | "contracts" | "organizations" | "brand_deals" | "brand_reply_tokens" | "conversations" | "legal_notices" | "deal_details_tokens" | "cases" | "categories" | ... 53 more ... | "influencers"'.
  Overload 2 of 2, '(relation: "performance_metrics"): PostgrestQueryBuilder<{ PostgrestVersion: "13.0.5"; }, { Tables: { activity_log: { Row: { client_id: string; created_at: string; description: string; id: string; }; Insert: { client_id?: string; created_at?: string; description: string; id?: string; }; Update: { ...; }; Relationships: [...]; }; ... 63 more ...; influencers: { ...; }; }; Views: { ...; }; Functions: { ...; }; Enums: { ...; }; CompositeTypes: {}; }, { ...; }, "performance_metrics", []>', gave the following error.
    Argument of type '"contract_ready_tokens"' is not assignable to parameter of type '"performance_metrics"'.
src/routes/otp.ts(378,15): error TS2769: No overload matches this call.
  Overload 1 of 2, '(relation: "profiles" | "brands" | "contracts" | "organizations" | "brand_deals" | "brand_reply_tokens" | "conversations" | "legal_notices" | "deal_details_tokens" | "cases" | "categories" | ... 53 more ... | "influencers"): PostgrestQueryBuilder<...>', gave the following error.
    Argument of type '"contract_ready_tokens"' is not assignable to parameter of type '"profiles" | "brands" | "contracts" | "organizations" | "brand_deals" | "brand_reply_tokens" | "conversations" | "legal_notices" | "deal_details_tokens" | "cases" | "categories" | ... 53 more ... | "influencers"'.
  Overload 2 of 2, '(relation: "performance_metrics"): PostgrestQueryBuilder<{ PostgrestVersion: "13.0.5"; }, { Tables: { activity_log: { Row: { client_id: string; created_at: string; description: string; id: string; }; Insert: { client_id?: string; created_at?: string; description: string; id?: string; }; Update: { ...; }; Relationships: [...]; }; ... 63 more ...; influencers: { ...; }; }; Views: { ...; }; Functions: { ...; }; Enums: { ...; }; CompositeTypes: {}; }, { ...; }, "performance_metrics", []>', gave the following error.
    Argument of type '"contract_ready_tokens"' is not assignable to parameter of type '"performance_metrics"'.
src/routes/protection.ts(50,29): error TS2769: No overload matches this call.
  Overload 1 of 2, '(relation: "profiles" | "brands" | "contracts" | "organizations" | "brand_deals" | "brand_reply_tokens" | "conversations" | "legal_notices" | "deal_details_tokens" | "cases" | "categories" | ... 53 more ... | "influencers"): PostgrestQueryBuilder<...>', gave the following error.
    Argument of type '"contract_ai_logs"' is not assignable to parameter of type '"profiles" | "brands" | "contracts" | "organizations" | "brand_deals" | "brand_reply_tokens" | "conversations" | "legal_notices" | "deal_details_tokens" | "cases" | "categories" | ... 53 more ... | "influencers"'.
  Overload 2 of 2, '(relation: "performance_metrics"): PostgrestQueryBuilder<{ PostgrestVersion: "13.0.5"; }, { Tables: { activity_log: { Row: { client_id: string; created_at: string; description: string; id: string; }; Insert: { client_id?: string; created_at?: string; description: string; id?: string; }; Update: { ...; }; Relationships: [...]; }; ... 63 more ...; influencers: { ...; }; }; Views: { ...; }; Functions: { ...; }; Enums: { ...; }; CompositeTypes: {}; }, { ...; }, "performance_metrics", []>', gave the following error.
    Argument of type '"contract_ai_logs"' is not assignable to parameter of type '"performance_metrics"'.
src/routes/protection.ts(253,29): error TS2769: No overload matches this call.
  Overload 1 of 2, '(relation: "profiles" | "brands" | "contracts" | "organizations" | "brand_deals" | "brand_reply_tokens" | "conversations" | "legal_notices" | "deal_details_tokens" | "cases" | "categories" | ... 53 more ... | "influencers"): PostgrestQueryBuilder<...>', gave the following error.
    Argument of type '"protection_verified"' is not assignable to parameter of type '"profiles" | "brands" | "contracts" | "organizations" | "brand_deals" | "brand_reply_tokens" | "conversations" | "legal_notices" | "deal_details_tokens" | "cases" | "categories" | ... 53 more ... | "influencers"'.
  Overload 2 of 2, '(relation: "performance_metrics"): PostgrestQueryBuilder<{ PostgrestVersion: "13.0.5"; }, { Tables: { activity_log: { Row: { client_id: string; created_at: string; description: string; id: string; }; Insert: { client_id?: string; created_at?: string; description: string; id?: string; }; Update: { ...; }; Relationships: [...]; }; ... 63 more ...; influencers: { ...; }; }; Views: { ...; }; Functions: { ...; }; Enums: { ...; }; CompositeTypes: {}; }, { ...; }, "performance_metrics", []>', gave the following error.
    Argument of type '"protection_verified"' is not assignable to parameter of type '"performance_metrics"'.
src/routes/protection.ts(659,34): error TS2339: Property 'address' does not exist on type '{ avatar_url: string; bio: string; business_entity_type: string; business_name: string; first_name: string; free_months_credit: number; gstin: string; id: string; is_trial: boolean; last_name: string; ... 10 more ...; updated_at: string; }'.
src/routes/protection.ts(661,45): error TS2339: Property 'address' does not exist on type '{ avatar_url: string; bio: string; business_entity_type: string; business_name: string; first_name: string; free_months_credit: number; gstin: string; id: string; is_trial: boolean; last_name: string; ... 10 more ...; updated_at: string; }'.
src/routes/protection.ts(723,38): error TS2339: Property 'address' does not exist on type '{ first_name: string; last_name: string; location: string; }'.
src/routes/protection.ts(724,38): error TS2339: Property 'address' does not exist on type '{ first_name: string; last_name: string; location: string; }'.
src/routes/protection.ts(725,44): error TS2339: Property 'address' does not exist on type '{ first_name: string; last_name: string; location: string; }'.
src/routes/protection.ts(726,39): error TS2339: Property 'address' does not exist on type '{ first_name: string; last_name: string; location: string; }'.
src/routes/protection.ts(727,44): error TS2339: Property 'address' does not exist on type '{ first_name: string; last_name: string; location: string; }'.
src/routes/protection.ts(728,39): error TS2339: Property 'address' does not exist on type '{ first_name: string; last_name: string; location: string; }'.
src/routes/protection.ts(882,45): error TS2339: Property 'address' does not exist on type '{ location: string; }'.
src/routes/protection.ts(1340,40): error TS2589: Type instantiation is excessively deep and possibly infinite.
src/routes/protection.ts(1341,13): error TS2769: No overload matches this call.
  Overload 1 of 2, '(relation: "profiles" | "brands" | "contracts" | "organizations" | "brand_deals" | "brand_reply_tokens" | "conversations" | "legal_notices" | "deal_details_tokens" | "cases" | "categories" | ... 53 more ... | "influencers"): PostgrestQueryBuilder<...>', gave the following error.
    Argument of type '"contract_signatures"' is not assignable to parameter of type '"profiles" | "brands" | "contracts" | "organizations" | "brand_deals" | "brand_reply_tokens" | "conversations" | "legal_notices" | "deal_details_tokens" | "cases" | "categories" | ... 53 more ... | "influencers"'.
  Overload 2 of 2, '(relation: "performance_metrics"): PostgrestQueryBuilder<{ PostgrestVersion: "13.0.5"; }, { Tables: { activity_log: { Row: { client_id: string; created_at: string; description: string; id: string; }; Insert: { client_id?: string; created_at?: string; description: string; id?: string; }; Update: { ...; }; Relationships: [...]; }; ... 63 more ...; influencers: { ...; }; }; Views: { ...; }; Functions: { ...; }; Enums: { ...; }; CompositeTypes: {}; }, { ...; }, "performance_metrics", []>', gave the following error.
    Argument of type '"contract_signatures"' is not assignable to parameter of type '"performance_metrics"'.
src/routes/protection.ts(1373,31): error TS2339: Property 'signer_name' does not exist on type 'SelectQueryError<"column 'signer_role' does not exist on 'profiles'."> | SelectQueryError<"column 'signer_role' does not exist on 'brands'."> | ... 62 more ... | SelectQueryError<...>'.
  Property 'signer_name' does not exist on type 'SelectQueryError<"column 'signer_role' does not exist on 'profiles'.">'.
src/routes/protection.ts(1374,32): error TS2339: Property 'signer_email' does not exist on type 'SelectQueryError<"column 'signer_role' does not exist on 'profiles'."> | SelectQueryError<"column 'signer_role' does not exist on 'brands'."> | ... 62 more ... | SelectQueryError<...>'.
  Property 'signer_email' does not exist on type 'SelectQueryError<"column 'signer_role' does not exist on 'profiles'.">'.
src/routes/protection.ts(1375,29): error TS2339: Property 'signed_at' does not exist on type 'SelectQueryError<"column 'signer_role' does not exist on 'profiles'."> | SelectQueryError<"column 'signer_role' does not exist on 'brands'."> | ... 62 more ... | SelectQueryError<...>'.
  Property 'signed_at' does not exist on type 'SelectQueryError<"column 'signer_role' does not exist on 'profiles'.">'.
src/routes/protection.ts(1376,35): error TS2339: Property 'otp_verified_at' does not exist on type 'SelectQueryError<"column 'signer_role' does not exist on 'profiles'."> | SelectQueryError<"column 'signer_role' does not exist on 'brands'."> | ... 62 more ... | SelectQueryError<...>'.
  Property 'otp_verified_at' does not exist on type 'SelectQueryError<"column 'signer_role' does not exist on 'profiles'.">'.
src/routes/protection.ts(1377,30): error TS2339: Property 'ip_address' does not exist on type 'SelectQueryError<"column 'signer_role' does not exist on 'profiles'."> | SelectQueryError<"column 'signer_role' does not exist on 'brands'."> | ... 62 more ... | SelectQueryError<...>'.
  Property 'ip_address' does not exist on type 'SelectQueryError<"column 'signer_role' does not exist on 'profiles'.">'.
src/routes/protection.ts(1378,30): error TS2339: Property 'user_agent' does not exist on type 'SelectQueryError<"column 'signer_role' does not exist on 'profiles'."> | SelectQueryError<"column 'signer_role' does not exist on 'brands'."> | ... 62 more ... | SelectQueryError<...>'.
  Property 'user_agent' does not exist on type 'SelectQueryError<"column 'signer_role' does not exist on 'profiles'.">'.
src/routes/protection.ts(1381,33): error TS2339: Property 'signer_name' does not exist on type 'SelectQueryError<"column 'signer_role' does not exist on 'profiles'."> | SelectQueryError<"column 'signer_role' does not exist on 'brands'."> | ... 62 more ... | SelectQueryError<...>'.
  Property 'signer_name' does not exist on type 'SelectQueryError<"column 'signer_role' does not exist on 'profiles'.">'.
src/routes/protection.ts(1382,34): error TS2339: Property 'signer_email' does not exist on type 'SelectQueryError<"column 'signer_role' does not exist on 'profiles'."> | SelectQueryError<"column 'signer_role' does not exist on 'brands'."> | ... 62 more ... | SelectQueryError<...>'.
  Property 'signer_email' does not exist on type 'SelectQueryError<"column 'signer_role' does not exist on 'profiles'.">'.
src/routes/protection.ts(1383,31): error TS2339: Property 'signed_at' does not exist on type 'SelectQueryError<"column 'signer_role' does not exist on 'profiles'."> | SelectQueryError<"column 'signer_role' does not exist on 'brands'."> | ... 62 more ... | SelectQueryError<...>'.
  Property 'signed_at' does not exist on type 'SelectQueryError<"column 'signer_role' does not exist on 'profiles'.">'.
src/routes/protection.ts(1384,37): error TS2339: Property 'otp_verified_at' does not exist on type 'SelectQueryError<"column 'signer_role' does not exist on 'profiles'."> | SelectQueryError<"column 'signer_role' does not exist on 'brands'."> | ... 62 more ... | SelectQueryError<...>'.
  Property 'otp_verified_at' does not exist on type 'SelectQueryError<"column 'signer_role' does not exist on 'profiles'.">'.
src/routes/protection.ts(1385,32): error TS2339: Property 'ip_address' does not exist on type 'SelectQueryError<"column 'signer_role' does not exist on 'profiles'."> | SelectQueryError<"column 'signer_role' does not exist on 'brands'."> | ... 62 more ... | SelectQueryError<...>'.
  Property 'ip_address' does not exist on type 'SelectQueryError<"column 'signer_role' does not exist on 'profiles'.">'.
src/routes/protection.ts(1386,32): error TS2339: Property 'user_agent' does not exist on type 'SelectQueryError<"column 'signer_role' does not exist on 'profiles'."> | SelectQueryError<"column 'signer_role' does not exist on 'brands'."> | ... 62 more ... | SelectQueryError<...>'.
  Property 'user_agent' does not exist on type 'SelectQueryError<"column 'signer_role' does not exist on 'profiles'.">'.
src/routes/protection.ts(1700,15): error TS2769: No overload matches this call.
  Overload 1 of 2, '(relation: "profiles" | "brands" | "contracts" | "organizations" | "brand_deals" | "brand_reply_tokens" | "conversations" | "legal_notices" | "deal_details_tokens" | "cases" | "categories" | ... 53 more ... | "influencers"): PostgrestQueryBuilder<...>', gave the following error.
    Argument of type '"negotiation_messages"' is not assignable to parameter of type '"profiles" | "brands" | "contracts" | "organizations" | "brand_deals" | "brand_reply_tokens" | "conversations" | "legal_notices" | "deal_details_tokens" | "cases" | "categories" | ... 53 more ... | "influencers"'.
  Overload 2 of 2, '(relation: "performance_metrics"): PostgrestQueryBuilder<{ PostgrestVersion: "13.0.5"; }, { Tables: { activity_log: { Row: { client_id: string; created_at: string; description: string; id: string; }; Insert: { client_id?: string; created_at?: string; description: string; id?: string; }; Update: { ...; }; Relationships: [...]; }; ... 63 more ...; influencers: { ...; }; }; Views: { ...; }; Functions: { ...; }; Enums: { ...; }; CompositeTypes: {}; }, { ...; }, "performance_metrics", []>', gave the following error.
    Argument of type '"negotiation_messages"' is not assignable to parameter of type '"performance_metrics"'.
src/routes/protection.ts(2026,28): error TS2339: Property 'params' does not exist on type 'Request'.
src/routes/protection.ts(2028,76): error TS2339: Property 'path' does not exist on type 'Request'.
src/routes/protection.ts(2073,13): error TS2769: No overload matches this call.
  Overload 1 of 2, '(relation: "profiles" | "brands" | "contracts" | "organizations" | "brand_deals" | "brand_reply_tokens" | "conversations" | "legal_notices" | "deal_details_tokens" | "cases" | "categories" | ... 53 more ... | "influencers"): PostgrestQueryBuilder<...>', gave the following error.
    Argument of type '"contract_signatures"' is not assignable to parameter of type '"profiles" | "brands" | "contracts" | "organizations" | "brand_deals" | "brand_reply_tokens" | "conversations" | "legal_notices" | "deal_details_tokens" | "cases" | "categories" | ... 53 more ... | "influencers"'.
  Overload 2 of 2, '(relation: "performance_metrics"): PostgrestQueryBuilder<{ PostgrestVersion: "13.0.5"; }, { Tables: { activity_log: { Row: { client_id: string; created_at: string; description: string; id: string; }; Insert: { client_id?: string; created_at?: string; description: string; id?: string; }; Update: { ...; }; Relationships: [...]; }; ... 63 more ...; influencers: { ...; }; }; Views: { ...; }; Functions: { ...; }; Enums: { ...; }; CompositeTypes: {}; }, { ...; }, "performance_metrics", []>', gave the following error.
    Argument of type '"contract_signatures"' is not assignable to parameter of type '"performance_metrics"'.
src/routes/protection.ts(2134,43): error TS2339: Property 'address' does not exist on type '{ first_name: string; last_name: string; location: string; }'.
src/routes/protection.ts(2173,54): error TS2339: Property 'signer_name' does not exist on type 'SelectQueryError<"column 'signer_role' does not exist on 'profiles'."> | SelectQueryError<"column 'signer_role' does not exist on 'brands'."> | ... 62 more ... | SelectQueryError<...>'.
  Property 'signer_name' does not exist on type 'SelectQueryError<"column 'signer_role' does not exist on 'profiles'.">'.
src/routes/protection.ts(2174,36): error TS2339: Property 'signer_name' does not exist on type 'SelectQueryError<"column 'signer_role' does not exist on 'profiles'."> | SelectQueryError<"column 'signer_role' does not exist on 'brands'."> | ... 62 more ... | SelectQueryError<...>'.
  Property 'signer_name' does not exist on type 'SelectQueryError<"column 'signer_role' does not exist on 'profiles'.">'.
src/routes/protection.ts(2281,46): error TS2339: Property 'address' does not exist on type '{ first_name: string; last_name: string; location: string; }'.
src/routes/protection.ts(2339,40): error TS2339: Property 'signed_at' does not exist on type 'SelectQueryError<"column 'signer_role' does not exist on 'profiles'."> | SelectQueryError<"column 'signer_role' does not exist on 'brands'."> | ... 62 more ... | SelectQueryError<...>'.
  Property 'signed_at' does not exist on type 'SelectQueryError<"column 'signer_role' does not exist on 'profiles'.">'.
src/routes/protection.ts(2340,31): error TS2339: Property 'signed_at' does not exist on type 'SelectQueryError<"column 'signer_role' does not exist on 'profiles'."> | SelectQueryError<"column 'signer_role' does not exist on 'brands'."> | ... 62 more ... | SelectQueryError<...>'.
  Property 'signed_at' does not exist on type 'SelectQueryError<"column 'signer_role' does not exist on 'profiles'.">'.
src/routes/protection.ts(2346,44): error TS2339: Property 'signed_at' does not exist on type 'SelectQueryError<"column 'signer_role' does not exist on 'profiles'."> | SelectQueryError<"column 'signer_role' does not exist on 'brands'."> | ... 62 more ... | SelectQueryError<...>'.
  Property 'signed_at' does not exist on type 'SelectQueryError<"column 'signer_role' does not exist on 'profiles'.">'.
src/routes/protection.ts(2347,33): error TS2339: Property 'signed_at' does not exist on type 'SelectQueryError<"column 'signer_role' does not exist on 'profiles'."> | SelectQueryError<"column 'signer_role' does not exist on 'brands'."> | ... 62 more ... | SelectQueryError<...>'.
  Property 'signed_at' does not exist on type 'SelectQueryError<"column 'signer_role' does not exist on 'profiles'.">'.
src/routes/protection.ts(2692,35): error TS2339: Property 'signer_name' does not exist on type 'SelectQueryError<"column 'signer_role' does not exist on 'profiles'."> | SelectQueryError<"column 'signer_role' does not exist on 'brands'."> | ... 62 more ... | SelectQueryError<...>'.
  Property 'signer_name' does not exist on type 'SelectQueryError<"column 'signer_role' does not exist on 'profiles'.">'.
src/routes/protection.ts(2696,35): error TS2339: Property 'signer_email' does not exist on type 'SelectQueryError<"column 'signer_role' does not exist on 'profiles'."> | SelectQueryError<"column 'signer_role' does not exist on 'brands'."> | ... 62 more ... | SelectQueryError<...>'.
  Property 'signer_email' does not exist on type 'SelectQueryError<"column 'signer_role' does not exist on 'profiles'.">'.
src/routes/protection.ts(2698,33): error TS2339: Property 'otp_verified_at' does not exist on type 'SelectQueryError<"column 'signer_role' does not exist on 'profiles'."> | SelectQueryError<"column 'signer_role' does not exist on 'brands'."> | ... 62 more ... | SelectQueryError<...>'.
  Property 'otp_verified_at' does not exist on type 'SelectQueryError<"column 'signer_role' does not exist on 'profiles'.">'.
src/routes/protection.ts(2701,43): error TS2339: Property 'otp_verified_at' does not exist on type 'SelectQueryError<"column 'signer_role' does not exist on 'profiles'."> | SelectQueryError<"column 'signer_role' does not exist on 'brands'."> | ... 62 more ... | SelectQueryError<...>'.
  Property 'otp_verified_at' does not exist on type 'SelectQueryError<"column 'signer_role' does not exist on 'profiles'.">'.
src/routes/protection.ts(2703,33): error TS2339: Property 'ip_address' does not exist on type 'SelectQueryError<"column 'signer_role' does not exist on 'profiles'."> | SelectQueryError<"column 'signer_role' does not exist on 'brands'."> | ... 62 more ... | SelectQueryError<...>'.
  Property 'ip_address' does not exist on type 'SelectQueryError<"column 'signer_role' does not exist on 'profiles'.">'.
src/routes/protection.ts(2706,34): error TS2339: Property 'ip_address' does not exist on type 'SelectQueryError<"column 'signer_role' does not exist on 'profiles'."> | SelectQueryError<"column 'signer_role' does not exist on 'brands'."> | ... 62 more ... | SelectQueryError<...>'.
  Property 'ip_address' does not exist on type 'SelectQueryError<"column 'signer_role' does not exist on 'profiles'.">'.
src/routes/protection.ts(2708,33): error TS2339: Property 'user_agent' does not exist on type 'SelectQueryError<"column 'signer_role' does not exist on 'profiles'."> | SelectQueryError<"column 'signer_role' does not exist on 'brands'."> | ... 62 more ... | SelectQueryError<...>'.
  Property 'user_agent' does not exist on type 'SelectQueryError<"column 'signer_role' does not exist on 'profiles'.">'.
src/routes/protection.ts(2711,34): error TS2339: Property 'user_agent' does not exist on type 'SelectQueryError<"column 'signer_role' does not exist on 'profiles'."> | SelectQueryError<"column 'signer_role' does not exist on 'brands'."> | ... 62 more ... | SelectQueryError<...>'.
  Property 'user_agent' does not exist on type 'SelectQueryError<"column 'signer_role' does not exist on 'profiles'.">'.
src/routes/protection.ts(2713,33): error TS2339: Property 'signed_at' does not exist on type 'SelectQueryError<"column 'signer_role' does not exist on 'profiles'."> | SelectQueryError<"column 'signer_role' does not exist on 'brands'."> | ... 62 more ... | SelectQueryError<...>'.
  Property 'signed_at' does not exist on type 'SelectQueryError<"column 'signer_role' does not exist on 'profiles'.">'.
src/routes/protection.ts(2716,43): error TS2339: Property 'signed_at' does not exist on type 'SelectQueryError<"column 'signer_role' does not exist on 'profiles'."> | SelectQueryError<"column 'signer_role' does not exist on 'brands'."> | ... 62 more ... | SelectQueryError<...>'.
  Property 'signed_at' does not exist on type 'SelectQueryError<"column 'signer_role' does not exist on 'profiles'.">'.
src/routes/protection.ts(2726,37): error TS2339: Property 'signer_name' does not exist on type 'SelectQueryError<"column 'signer_role' does not exist on 'profiles'."> | SelectQueryError<"column 'signer_role' does not exist on 'brands'."> | ... 62 more ... | SelectQueryError<...>'.
  Property 'signer_name' does not exist on type 'SelectQueryError<"column 'signer_role' does not exist on 'profiles'.">'.
src/routes/protection.ts(2730,37): error TS2339: Property 'signer_email' does not exist on type 'SelectQueryError<"column 'signer_role' does not exist on 'profiles'."> | SelectQueryError<"column 'signer_role' does not exist on 'brands'."> | ... 62 more ... | SelectQueryError<...>'.
  Property 'signer_email' does not exist on type 'SelectQueryError<"column 'signer_role' does not exist on 'profiles'.">'.
src/routes/protection.ts(2732,35): error TS2339: Property 'otp_verified_at' does not exist on type 'SelectQueryError<"column 'signer_role' does not exist on 'profiles'."> | SelectQueryError<"column 'signer_role' does not exist on 'brands'."> | ... 62 more ... | SelectQueryError<...>'.
  Property 'otp_verified_at' does not exist on type 'SelectQueryError<"column 'signer_role' does not exist on 'profiles'.">'.
src/routes/protection.ts(2735,45): error TS2339: Property 'otp_verified_at' does not exist on type 'SelectQueryError<"column 'signer_role' does not exist on 'profiles'."> | SelectQueryError<"column 'signer_role' does not exist on 'brands'."> | ... 62 more ... | SelectQueryError<...>'.
  Property 'otp_verified_at' does not exist on type 'SelectQueryError<"column 'signer_role' does not exist on 'profiles'.">'.
src/routes/protection.ts(2737,35): error TS2339: Property 'ip_address' does not exist on type 'SelectQueryError<"column 'signer_role' does not exist on 'profiles'."> | SelectQueryError<"column 'signer_role' does not exist on 'brands'."> | ... 62 more ... | SelectQueryError<...>'.
  Property 'ip_address' does not exist on type 'SelectQueryError<"column 'signer_role' does not exist on 'profiles'.">'.
src/routes/protection.ts(2740,36): error TS2339: Property 'ip_address' does not exist on type 'SelectQueryError<"column 'signer_role' does not exist on 'profiles'."> | SelectQueryError<"column 'signer_role' does not exist on 'brands'."> | ... 62 more ... | SelectQueryError<...>'.
  Property 'ip_address' does not exist on type 'SelectQueryError<"column 'signer_role' does not exist on 'profiles'.">'.
src/routes/protection.ts(2742,35): error TS2339: Property 'user_agent' does not exist on type 'SelectQueryError<"column 'signer_role' does not exist on 'profiles'."> | SelectQueryError<"column 'signer_role' does not exist on 'brands'."> | ... 62 more ... | SelectQueryError<...>'.
  Property 'user_agent' does not exist on type 'SelectQueryError<"column 'signer_role' does not exist on 'profiles'.">'.
src/routes/protection.ts(2745,36): error TS2339: Property 'user_agent' does not exist on type 'SelectQueryError<"column 'signer_role' does not exist on 'profiles'."> | SelectQueryError<"column 'signer_role' does not exist on 'brands'."> | ... 62 more ... | SelectQueryError<...>'.
  Property 'user_agent' does not exist on type 'SelectQueryError<"column 'signer_role' does not exist on 'profiles'.">'.
src/routes/protection.ts(2747,35): error TS2339: Property 'signed_at' does not exist on type 'SelectQueryError<"column 'signer_role' does not exist on 'profiles'."> | SelectQueryError<"column 'signer_role' does not exist on 'brands'."> | ... 62 more ... | SelectQueryError<...>'.
  Property 'signed_at' does not exist on type 'SelectQueryError<"column 'signer_role' does not exist on 'profiles'.">'.
src/routes/protection.ts(2750,45): error TS2339: Property 'signed_at' does not exist on type 'SelectQueryError<"column 'signer_role' does not exist on 'profiles'."> | SelectQueryError<"column 'signer_role' does not exist on 'brands'."> | ... 62 more ... | SelectQueryError<...>'.
  Property 'signed_at' does not exist on type 'SelectQueryError<"column 'signer_role' does not exist on 'profiles'.">'.
src/routes/protection.ts(2809,28): error TS2339: Property 'params' does not exist on type 'Request'.
src/routes/protection.ts(2811,76): error TS2339: Property 'path' does not exist on type 'Request'.
src/routes/protection.ts(2862,36): error TS2339: Property 'authorization' does not exist on type 'Headers'.
src/services/brandContactService.ts(44,36): error TS2589: Type instantiation is excessively deep and possibly infinite.
src/services/brandContactService.ts(45,11): error TS2769: No overload matches this call.
  Overload 1 of 2, '(relation: "profiles" | "brands" | "contracts" | "organizations" | "brand_deals" | "brand_reply_tokens" | "conversations" | "legal_notices" | "deal_details_tokens" | "cases" | "categories" | ... 53 more ... | "influencers"): PostgrestQueryBuilder<...>', gave the following error.
    Argument of type '"brand_contacts"' is not assignable to parameter of type '"profiles" | "brands" | "contracts" | "organizations" | "brand_deals" | "brand_reply_tokens" | "conversations" | "legal_notices" | "deal_details_tokens" | "cases" | "categories" | ... 53 more ... | "influencers"'.
  Overload 2 of 2, '(relation: "performance_metrics"): PostgrestQueryBuilder<{ PostgrestVersion: "13.0.5"; }, { Tables: { activity_log: { Row: { client_id: string; created_at: string; description: string; id: string; }; Insert: { client_id?: string; created_at?: string; description: string; id?: string; }; Update: { ...; }; Relationships: [...]; }; ... 63 more ...; influencers: { ...; }; }; Views: { ...; }; Functions: { ...; }; Enums: { ...; }; CompositeTypes: {}; }, { ...; }, "performance_metrics", []>', gave the following error.
    Argument of type '"brand_contacts"' is not assignable to parameter of type '"performance_metrics"'.
src/services/brandContactService.ts(55,37): error TS2339: Property 'legal_name' does not exist on type 'SelectQueryError<"column 'id' does not exist on 'profiles'."> | SelectQueryError<"column 'id' does not exist on 'brands'."> | SelectQueryError<...> | ... 61 more ... | SelectQueryError<...>'.
  Property 'legal_name' does not exist on type 'SelectQueryError<"column 'id' does not exist on 'profiles'.">'.
src/services/brandContactService.ts(56,32): error TS2339: Property 'phone' does not exist on type 'SelectQueryError<"column 'id' does not exist on 'profiles'."> | SelectQueryError<"column 'id' does not exist on 'brands'."> | SelectQueryError<...> | ... 61 more ... | SelectQueryError<...>'.
  Property 'phone' does not exist on type 'SelectQueryError<"column 'id' does not exist on 'profiles'.">'.
src/services/brandContactService.ts(57,34): error TS2339: Property 'website' does not exist on type 'SelectQueryError<"column 'id' does not exist on 'profiles'."> | SelectQueryError<"column 'id' does not exist on 'brands'."> | SelectQueryError<...> | ... 61 more ... | SelectQueryError<...>'.
  Property 'website' does not exist on type 'SelectQueryError<"column 'id' does not exist on 'profiles'.">'.
src/services/brandContactService.ts(58,36): error TS2339: Property 'instagram' does not exist on type 'SelectQueryError<"column 'id' does not exist on 'profiles'."> | SelectQueryError<"column 'id' does not exist on 'brands'."> | SelectQueryError<...> | ... 61 more ... | SelectQueryError<...>'.
  Property 'instagram' does not exist on type 'SelectQueryError<"column 'id' does not exist on 'profiles'.">'.
src/services/brandContactService.ts(59,34): error TS2339: Property 'address' does not exist on type 'SelectQueryError<"column 'id' does not exist on 'profiles'."> | SelectQueryError<"column 'id' does not exist on 'brands'."> | SelectQueryError<...> | ... 61 more ... | SelectQueryError<...>'.
  Property 'address' does not exist on type 'SelectQueryError<"column 'id' does not exist on 'profiles'.">'.
src/services/brandContactService.ts(60,32): error TS2339: Property 'gstin' does not exist on type 'SelectQueryError<"column 'id' does not exist on 'profiles'."> | SelectQueryError<"column 'id' does not exist on 'brands'."> | SelectQueryError<...> | ... 61 more ... | SelectQueryError<...>'.
  Property 'gstin' does not exist on type 'SelectQueryError<"column 'id' does not exist on 'profiles'.">'.
src/services/brandContactService.ts(62,25): error TS2769: No overload matches this call.
  Overload 1 of 2, '(relation: "profiles" | "brands" | "contracts" | "organizations" | "brand_deals" | "brand_reply_tokens" | "conversations" | "legal_notices" | "deal_details_tokens" | "cases" | "categories" | ... 53 more ... | "influencers"): PostgrestQueryBuilder<...>', gave the following error.
    Argument of type '"brand_contacts"' is not assignable to parameter of type '"profiles" | "brands" | "contracts" | "organizations" | "brand_deals" | "brand_reply_tokens" | "conversations" | "legal_notices" | "deal_details_tokens" | "cases" | "categories" | ... 53 more ... | "influencers"'.
  Overload 2 of 2, '(relation: "performance_metrics"): PostgrestQueryBuilder<{ PostgrestVersion: "13.0.5"; }, { Tables: { activity_log: { Row: { client_id: string; created_at: string; description: string; id: string; }; Insert: { client_id?: string; created_at?: string; description: string; id?: string; }; Update: { ...; }; Relationships: [...]; }; ... 63 more ...; influencers: { ...; }; }; Views: { ...; }; Functions: { ...; }; Enums: { ...; }; CompositeTypes: {}; }, { ...; }, "performance_metrics", []>', gave the following error.
    Argument of type '"brand_contacts"' is not assignable to parameter of type '"performance_metrics"'.
src/services/brandContactService.ts(62,76): error TS2339: Property 'id' does not exist on type 'SelectQueryError<"column 'id' does not exist on 'profiles'."> | SelectQueryError<"column 'id' does not exist on 'brands'."> | SelectQueryError<...> | ... 61 more ... | SelectQueryError<...>'.
  Property 'id' does not exist on type 'SelectQueryError<"column 'id' does not exist on 'profiles'.">'.
src/services/brandContactService.ts(63,21): error TS2339: Property 'id' does not exist on type 'SelectQueryError<"column 'id' does not exist on 'profiles'."> | SelectQueryError<"column 'id' does not exist on 'brands'."> | SelectQueryError<...> | ... 61 more ... | SelectQueryError<...>'.
  Property 'id' does not exist on type 'SelectQueryError<"column 'id' does not exist on 'profiles'.">'.
src/services/brandContactService.ts(73,11): error TS2769: No overload matches this call.
  Overload 1 of 2, '(relation: "profiles" | "brands" | "contracts" | "organizations" | "brand_deals" | "brand_reply_tokens" | "conversations" | "legal_notices" | "deal_details_tokens" | "cases" | "categories" | ... 53 more ... | "influencers"): PostgrestQueryBuilder<...>', gave the following error.
    Argument of type '"brand_contacts"' is not assignable to parameter of type '"profiles" | "brands" | "contracts" | "organizations" | "brand_deals" | "brand_reply_tokens" | "conversations" | "legal_notices" | "deal_details_tokens" | "cases" | "categories" | ... 53 more ... | "influencers"'.
  Overload 2 of 2, '(relation: "performance_metrics"): PostgrestQueryBuilder<{ PostgrestVersion: "13.0.5"; }, { Tables: { activity_log: { Row: { client_id: string; created_at: string; description: string; id: string; }; Insert: { client_id?: string; created_at?: string; description: string; id?: string; }; Update: { ...; }; Relationships: [...]; }; ... 63 more ...; influencers: { ...; }; }; Views: { ...; }; Functions: { ...; }; Enums: { ...; }; CompositeTypes: {}; }, { ...; }, "performance_metrics", []>', gave the following error.
    Argument of type '"brand_contacts"' is not assignable to parameter of type '"performance_metrics"'.
src/services/brandContactService.ts(82,19): error TS2339: Property 'id' does not exist on type 'SelectQueryError<"column 'id' does not exist on 'profiles'."> | SelectQueryError<"column 'id' does not exist on 'brands'."> | SelectQueryError<...> | ... 61 more ... | SelectQueryError<...>'.
  Property 'id' does not exist on type 'SelectQueryError<"column 'id' does not exist on 'profiles'.">'.
src/services/contractSigningService.ts(124,41): error TS2589: Type instantiation is excessively deep and possibly infinite.
src/services/contractSigningService.ts(125,15): error TS2769: No overload matches this call.
  Overload 1 of 2, '(relation: "profiles" | "brands" | "contracts" | "organizations" | "brand_deals" | "brand_reply_tokens" | "conversations" | "legal_notices" | "deal_details_tokens" | "cases" | "categories" | ... 53 more ... | "influencers"): PostgrestQueryBuilder<...>', gave the following error.
    Argument of type '"contract_ready_tokens"' is not assignable to parameter of type '"profiles" | "brands" | "contracts" | "organizations" | "brand_deals" | "brand_reply_tokens" | "conversations" | "legal_notices" | "deal_details_tokens" | "cases" | "categories" | ... 53 more ... | "influencers"'.
  Overload 2 of 2, '(relation: "performance_metrics"): PostgrestQueryBuilder<{ PostgrestVersion: "13.0.5"; }, { Tables: { activity_log: { Row: { client_id: string; created_at: string; description: string; id: string; }; Insert: { client_id?: string; created_at?: string; description: string; id?: string; }; Update: { ...; }; Relationships: [...]; }; ... 63 more ...; influencers: { ...; }; }; Views: { ...; }; Functions: { ...; }; Enums: { ...; }; CompositeTypes: {}; }, { ...; }, "performance_metrics", []>', gave the following error.
    Argument of type '"contract_ready_tokens"' is not assignable to parameter of type '"performance_metrics"'.
src/services/contractSigningService.ts(130,22): error TS2339: Property 'submission_id' does not exist on type 'SelectQueryError<"column 'submission_id' does not exist on 'profiles'."> | SelectQueryError<"column 'submission_id' does not exist on 'brands'."> | ... 62 more ... | SelectQueryError<...>'.
  Property 'submission_id' does not exist on type 'SelectQueryError<"column 'submission_id' does not exist on 'profiles'.">'.
src/services/contractSigningService.ts(135,31): error TS2339: Property 'submission_id' does not exist on type 'SelectQueryError<"column 'submission_id' does not exist on 'profiles'."> | SelectQueryError<"column 'submission_id' does not exist on 'brands'."> | ... 62 more ... | SelectQueryError<...>'.
  Property 'submission_id' does not exist on type 'SelectQueryError<"column 'submission_id' does not exist on 'profiles'.">'.
src/services/contractSigningService.ts(180,33): error TS2339: Property 'submission_id' does not exist on type 'SelectQueryError<"column 'submission_id' does not exist on 'profiles'."> | SelectQueryError<"column 'submission_id' does not exist on 'brands'."> | ... 62 more ... | SelectQueryError<...>'.
  Property 'submission_id' does not exist on type 'SelectQueryError<"column 'submission_id' does not exist on 'profiles'.">'.
src/services/contractSigningService.ts(183,25): error TS2339: Property 'submission_id' does not exist on type 'SelectQueryError<"column 'submission_id' does not exist on 'profiles'."> | SelectQueryError<"column 'submission_id' does not exist on 'brands'."> | ... 62 more ... | SelectQueryError<...>'.
  Property 'submission_id' does not exist on type 'SelectQueryError<"column 'submission_id' does not exist on 'profiles'.">'.
src/services/contractSigningService.ts(185,21): error TS2769: No overload matches this call.
  Overload 1 of 2, '(relation: "profiles" | "brands" | "contracts" | "organizations" | "brand_deals" | "brand_reply_tokens" | "conversations" | "legal_notices" | "deal_details_tokens" | "cases" | "categories" | ... 53 more ... | "influencers"): PostgrestQueryBuilder<...>', gave the following error.
    Argument of type '"contract_ready_tokens"' is not assignable to parameter of type '"profiles" | "brands" | "contracts" | "organizations" | "brand_deals" | "brand_reply_tokens" | "conversations" | "legal_notices" | "deal_details_tokens" | "cases" | "categories" | ... 53 more ... | "influencers"'.
  Overload 2 of 2, '(relation: "performance_metrics"): PostgrestQueryBuilder<{ PostgrestVersion: "13.0.5"; }, { Tables: { activity_log: { Row: { client_id: string; created_at: string; description: string; id: string; }; Insert: { client_id?: string; created_at?: string; description: string; id?: string; }; Update: { ...; }; Relationships: [...]; }; ... 63 more ...; influencers: { ...; }; }; Views: { ...; }; Functions: { ...; }; Enums: { ...; }; CompositeTypes: {}; }, { ...; }, "performance_metrics", []>', gave the following error.
    Argument of type '"contract_ready_tokens"' is not assignable to parameter of type '"performance_metrics"'.
src/services/dealDetailsTokenService.ts(81,3): error TS2741: Property 'used_at' is missing in type '{ created_at: string; creator_id: string; expires_at: string; id: string; is_active: boolean; revoked_at: string; updated_at: string; }' but required in type 'DealDetailsToken'.
src/services/dealDetailsTokenService.ts(138,12): error TS2352: Conversion of type '{ created_at: string; creator_id: string; expires_at: string; id: string; is_active: boolean; revoked_at: string; updated_at: string; profiles: { first_name: string; last_name: string; }; }' to type 'DealDetailsToken' may be a mistake because neither type sufficiently overlaps with the other. If this was intentional, convert the expression to 'unknown' first.
  Property 'used_at' is missing in type '{ created_at: string; creator_id: string; expires_at: string; id: string; is_active: boolean; revoked_at: string; updated_at: string; profiles: { first_name: string; last_name: string; }; }' but required in type 'DealDetailsToken'.
src/services/dealDetailsTokenService.ts(169,15): error TS2353: Object literal may only specify known properties, and 'used_at' does not exist in type '{ created_at?: string; creator_id?: string; expires_at?: string; id?: string; is_active?: boolean; revoked_at?: string; updated_at?: string; }'.
src/services/dealDetailsTokenService.ts(227,35): error TS2339: Property 'first_name' does not exist on type 'SelectQueryError<"column 'address' does not exist on 'profiles'.">'.
src/services/dealDetailsTokenService.ts(227,57): error TS2339: Property 'last_name' does not exist on type 'SelectQueryError<"column 'address' does not exist on 'profiles'.">'.
src/services/dealDetailsTokenService.ts(228,22): error TS2339: Property 'first_name' does not exist on type 'SelectQueryError<"column 'address' does not exist on 'profiles'.">'.
src/services/dealDetailsTokenService.ts(228,44): error TS2339: Property 'last_name' does not exist on type 'SelectQueryError<"column 'address' does not exist on 'profiles'.">'.
src/services/dealDetailsTokenService.ts(229,19): error TS2339: Property 'first_name' does not exist on type 'SelectQueryError<"column 'address' does not exist on 'profiles'.">'.
src/services/dealDetailsTokenService.ts(229,41): error TS2339: Property 'email' does not exist on type 'SelectQueryError<"column 'address' does not exist on 'profiles'.">'.
src/services/dealDetailsTokenService.ts(233,37): error TS2339: Property 'location' does not exist on type 'SelectQueryError<"column 'address' does not exist on 'profiles'.">'.
src/services/dealDetailsTokenService.ts(234,36): error TS2339: Property 'address' does not exist on type 'SelectQueryError<"column 'address' does not exist on 'profiles'.">'.
src/services/dealDetailsTokenService.ts(282,64): error TS2345: Argument of type '{ brandName: any; creatorName: any; dealAmount: number; deliverables: any; brandEmail: any; brandAddress: any; creatorEmail: string; creatorAddress: string; dealSchema: { usage_type: any; usage_platforms: any; ... 6 more ...; payment_timeline: any; }; ... 10 more ...; additionalTerms: any; }' is not assignable to parameter of type 'ContractGenerationRequest'.
  Types of property 'dealSchema' are incompatible.
    Type '{ usage_type: any; usage_platforms: any; usage_duration: any; paid_ads_allowed: any; whitelisting_allowed: any; exclusivity_enabled: boolean; exclusivity_duration: any; payment_method: any; payment_timeline: any; }' is missing the following properties from type 'DealSchema': deal_amount, deliverables, payment, usage
src/services/gstService.ts(178,18): error TS2339: Property 'flag' does not exist on type 'unknown'.
src/services/gstService.ts(178,35): error TS2339: Property 'data' does not exist on type 'unknown'.
src/services/gstService.ts(179,31): error TS2339: Property 'message' does not exist on type 'unknown'.
src/services/gstService.ts(182,34): error TS2339: Property 'data' does not exist on type 'unknown'.
src/services/influencerFinder.ts(902,13): error TS2589: Type instantiation is excessively deep and possibly infinite.
src/services/influencerFinder.ts(920,10): error TS2352: Conversion of type '{ id: string; creator_name: string; instagram_handle: string; followers: number; niche: string; email: string; website: string; manager_email: string; fit_score: number; profile_link: string; bio: string; ... 19 more ...; last_classification_at: string; }[]' to type 'InfluencerResult[]' may be a mistake because neither type sufficiently overlaps with the other. If this was intentional, convert the expression to 'unknown' first.
  Type '{ id: string; creator_name: string; instagram_handle: string; followers: number; niche: string; email: string; website: string; manager_email: string; fit_score: number; profile_link: string; bio: string; ... 19 more ...; last_classification_at: string; }' is missing the following properties from type 'InfluencerResult': reasoning, confidence
src/services/influencerOutreach.ts(321,10): error TS2352: Conversion of type '{ id: string; creator_name: string; instagram_handle: string; followers: number; niche: string; email: string; website: string; manager_email: string; fit_score: number; profile_link: string; bio: string; ... 19 more ...; last_classification_at: string; }[]' to type 'InfluencerResult[]' may be a mistake because neither type sufficiently overlaps with the other. If this was intentional, convert the expression to 'unknown' first.
  Type '{ id: string; creator_name: string; instagram_handle: string; followers: number; niche: string; email: string; website: string; manager_email: string; fit_score: number; profile_link: string; bio: string; ... 19 more ...; last_classification_at: string; }' is missing the following properties from type 'InfluencerResult': reasoning, confidence
src/services/influencerOutreach.ts(340,10): error TS2352: Conversion of type '{ id: string; creator_name: string; instagram_handle: string; followers: number; niche: string; email: string; website: string; manager_email: string; fit_score: number; profile_link: string; bio: string; ... 19 more ...; last_classification_at: string; }[]' to type 'InfluencerResult[]' may be a mistake because neither type sufficiently overlaps with the other. If this was intentional, convert the expression to 'unknown' first.
  Type '{ id: string; creator_name: string; instagram_handle: string; followers: number; niche: string; email: string; website: string; manager_email: string; fit_score: number; profile_link: string; bio: string; ... 19 more ...; last_classification_at: string; }' is missing the following properties from type 'InfluencerResult': reasoning, confidence
src/services/invoiceService.ts(33,26): error TS2352: Conversion of type 'SelectQueryError<"column 'invoice_url' does not exist on 'brand_deals'.">' to type '{ invoice_url: string; invoice_number: string; }' may be a mistake because neither type sufficiently overlaps with the other. If this was intentional, convert the expression to 'unknown' first.
  Type '{ error: true; } & String' is missing the following properties from type '{ invoice_url: string; invoice_number: string; }': invoice_url, invoice_number
src/services/invoiceService.ts(86,28): error TS2352: Conversion of type 'SelectQueryError<"column 'email' does not exist on 'profiles'.">' to type '{ id: string; first_name: string; last_name: string; email: string; phone: string; gst_number: string; pan_number: string; bank_account_name: string; bank_account_number: string; bank_ifsc: string; }' may be a mistake because neither type sufficiently overlaps with the other. If this was intentional, convert the expression to 'unknown' first.
  Type '{ error: true; } & String' is missing the following properties from type '{ id: string; first_name: string; last_name: string; email: string; phone: string; gst_number: string; pan_number: string; bank_account_name: string; bank_account_number: string; bank_ifsc: string; }': id, first_name, last_name, email, and 6 more.
src/services/pdfGenerator.ts(20,7): error TS2322: Type 'true | "new"' is not assignable to type 'boolean | "shell"'.
  Type '"new"' is not assignable to type 'boolean | "shell"'.
src/services/pdfGenerator.ts(33,7): error TS2322: Type '"new"' is not assignable to type 'boolean | "shell"'.
src/services/safeContractGenerator.ts(713,9): error TS2322: Type 'true | "new"' is not assignable to type 'boolean | "shell"'.
  Type '"new"' is not assignable to type 'boolean | "shell"'.
